Using pre-set license
Built from '2021.3/staging' branch; Version is '2021.3.16f1 (4016570cf34f) revision 4200023'; Using compiler version '192829333'; Build Type 'Release'
OS: 'Windows 11  (10.0.22631) 64bit Core' Language: 'zh' Physical Memory: 16236 MB
BatchMode: 1, IsHumanControllingUs: 0, StartBugReporterOnCrash: 0, Is64bit: 1, IsPro: 1

COMMAND LINE ARGUMENTS:
C:\Program Files\Unity\Hub\Editor\2021.3.16f1\Editor\Unity.exe
-adb2
-batchMode
-noUpm
-name
AssetImportWorker0
-projectPath
C:/Users/13741/Documents/cookinggame
-logFile
Logs/AssetImportWorker0.log
-srvPort
61575
Successfully changed project path to: C:/Users/13741/Documents/cookinggame
C:/Users/13741/Documents/cookinggame
[UnityMemory] Configuration Parameters - Can be set up in boot.config
    "memorysetup-bucket-allocator-granularity=16"
    "memorysetup-bucket-allocator-bucket-count=8"
    "memorysetup-bucket-allocator-block-size=33554432"
    "memorysetup-bucket-allocator-block-count=8"
    "memorysetup-main-allocator-block-size=16777216"
    "memorysetup-thread-allocator-block-size=16777216"
    "memorysetup-gfx-main-allocator-block-size=16777216"
    "memorysetup-gfx-thread-allocator-block-size=16777216"
    "memorysetup-cache-allocator-block-size=4194304"
    "memorysetup-typetree-allocator-block-size=2097152"
    "memorysetup-profiler-bucket-allocator-granularity=16"
    "memorysetup-profiler-bucket-allocator-bucket-count=8"
    "memorysetup-profiler-bucket-allocator-block-size=33554432"
    "memorysetup-profiler-bucket-allocator-block-count=8"
    "memorysetup-profiler-allocator-block-size=16777216"
    "memorysetup-profiler-editor-allocator-block-size=1048576"
    "memorysetup-temp-allocator-size-main=16777216"
    "memorysetup-job-temp-allocator-block-size=2097152"
    "memorysetup-job-temp-allocator-block-size-background=1048576"
    "memorysetup-job-temp-allocator-reduction-small-platforms=262144"
    "memorysetup-temp-allocator-size-background-worker=32768"
    "memorysetup-temp-allocator-size-job-worker=262144"
    "memorysetup-temp-allocator-size-preload-manager=33554432"
    "memorysetup-temp-allocator-size-nav-mesh-worker=65536"
    "memorysetup-temp-allocator-size-audio-worker=65536"
    "memorysetup-temp-allocator-size-cloud-worker=32768"
    "memorysetup-temp-allocator-size-gi-baking-worker=262144"
    "memorysetup-temp-allocator-size-gfx=262144"
Player connection [14236] Host "[IP] 10.0.0.178 [Port] 0 [Flags] 2 [Guid] 1068996674 [EditorId] 1068996674 [Version] 1048832 [Id] WindowsEditor(7,LAPTOP-BG0D3BFH) [Debug] 1 [PackageName] WindowsEditor [ProjectName] Editor" joined multi-casting on [225.0.0.222:54997]...

Player connection [14236] Host "[IP] 10.0.0.178 [Port] 0 [Flags] 2 [Guid] 1068996674 [EditorId] 1068996674 [Version] 1048832 [Id] WindowsEditor(7,LAPTOP-BG0D3BFH) [Debug] 1 [PackageName] WindowsEditor [ProjectName] Editor" joined alternative multi-casting on [225.0.0.222:34997]...

Refreshing native plugins compatible for Editor in 76.60 ms, found 3 plugins.
Preloading 0 native plugins for Editor in 0.00 ms.
Initialize engine version: 2021.3.16f1 (4016570cf34f)
[Subsystems] Discovering subsystems at path C:/Program Files/Unity/Hub/Editor/2021.3.16f1/Editor/Data/Resources/UnitySubsystems
[Subsystems] Discovering subsystems at path C:/Users/13741/Documents/cookinggame/Assets
GfxDevice: creating device client; threaded=0; jobified=0
Direct3D:
    Version:  Direct3D 11.0 [level 11.1]
    Renderer: NVIDIA GeForce RTX 3070 Laptop GPU (ID=0x24dd)
    Vendor:   NVIDIA
    VRAM:     8020 MB
    Driver:   32.0.15.6081
Initialize mono
Mono path[0] = 'C:/Program Files/Unity/Hub/Editor/2021.3.16f1/Editor/Data/Managed'
Mono path[1] = 'C:/Program Files/Unity/Hub/Editor/2021.3.16f1/Editor/Data/MonoBleedingEdge/lib/mono/unityjit-win32'
Mono config path = 'C:/Program Files/Unity/Hub/Editor/2021.3.16f1/Editor/Data/MonoBleedingEdge/etc'
Using monoOptions --debugger-agent=transport=dt_socket,embedding=1,server=y,suspend=n,address=127.0.0.1:56068
Begin MonoManager ReloadAssembly
Registering precompiled unity dll's ...
Register platform support module: C:/Program Files/Unity/Hub/Editor/2021.3.16f1/Editor/Data/PlaybackEngines/WindowsStandaloneSupport/UnityEditor.WindowsStandalone.Extensions.dll
Register platform support module: C:/Program Files/Unity/Hub/Editor/2021.3.16f1/Editor/Data/PlaybackEngines/MetroSupport/UnityEditor.UWP.Extensions.dll
Registered in 0.005414 seconds.
Native extension for UWP target not found
Native extension for WindowsStandalone target not found
Refreshing native plugins compatible for Editor in 79.75 ms, found 3 plugins.
Preloading 0 native plugins for Editor in 0.00 ms.
Mono: successfully reloaded assembly
- Completed reload, in  0.566 seconds
Domain Reload Profiling:
	ReloadAssembly (567ms)
		BeginReloadAssembly (62ms)
			ExecutionOrderSort (0ms)
			DisableScriptedObjects (0ms)
			BackupInstance (0ms)
			ReleaseScriptingObjects (0ms)
			CreateAndSetChildDomain (1ms)
		EndReloadAssembly (415ms)
			LoadAssemblies (60ms)
			RebuildTransferFunctionScriptingTraits (0ms)
			SetupTypeCache (86ms)
			ReleaseScriptCaches (0ms)
			RebuildScriptCaches (26ms)
			SetupLoadedEditorAssemblies (255ms)
				LogAssemblyErrors (0ms)
				InitializePlatformSupportModulesInManaged (8ms)
				SetLoadedEditorAssemblies (0ms)
				RefreshPlugins (80ms)
				BeforeProcessingInitializeOnLoad (2ms)
				ProcessInitializeOnLoadAttributes (124ms)
				ProcessInitializeOnLoadMethodAttributes (41ms)
				AfterProcessingInitializeOnLoad (0ms)
				EditorAssembliesLoaded (0ms)
			ExecutionOrderSort2 (0ms)
			AwakeInstancesAfterBackupRestoration (0ms)
Platform modules already initialized, skipping
Registering precompiled user dll's ...
Registered in 0.005939 seconds.
Begin MonoManager ReloadAssembly
Symbol file LoadedFromMemory doesn't match image C:\Users\13741\Documents\cookinggame\Library\PackageCache\com.unity.visualscripting@1.7.8\Editor\VisualScripting.Core\Dependencies\YamlDotNet\Unity.VisualScripting.YamlDotNet.dll
Symbol file LoadedFromMemory doesn't match image C:\Users\13741\Documents\cookinggame\Library\PackageCache\com.unity.visualscripting@1.7.8\Editor\VisualScripting.Core\Dependencies\DotNetZip\Unity.VisualScripting.IonicZip.dll
Native extension for UWP target not found
Native extension for WindowsStandalone target not found
Refreshing native plugins compatible for Editor in 0.68 ms, found 3 plugins.
Preloading 0 native plugins for Editor in 0.00 ms.
Mono: successfully reloaded assembly
- Completed reload, in  0.914 seconds
Domain Reload Profiling:
	ReloadAssembly (914ms)
		BeginReloadAssembly (96ms)
			ExecutionOrderSort (0ms)
			DisableScriptedObjects (5ms)
			BackupInstance (0ms)
			ReleaseScriptingObjects (0ms)
			CreateAndSetChildDomain (19ms)
		EndReloadAssembly (719ms)
			LoadAssemblies (73ms)
			RebuildTransferFunctionScriptingTraits (0ms)
			SetupTypeCache (224ms)
			ReleaseScriptCaches (1ms)
			RebuildScriptCaches (45ms)
			SetupLoadedEditorAssemblies (341ms)
				LogAssemblyErrors (0ms)
				InitializePlatformSupportModulesInManaged (7ms)
				SetLoadedEditorAssemblies (0ms)
				RefreshPlugins (1ms)
				BeforeProcessingInitializeOnLoad (84ms)
				ProcessInitializeOnLoadAttributes (220ms)
				ProcessInitializeOnLoadMethodAttributes (21ms)
				AfterProcessingInitializeOnLoad (7ms)
				EditorAssembliesLoaded (0ms)
			ExecutionOrderSort2 (0ms)
			AwakeInstancesAfterBackupRestoration (5ms)
Platform modules already initialized, skipping
========================================================================
Worker process is ready to serve import requests
Launched and connected shader compiler UnityShaderCompiler.exe after 0.04 seconds
Refreshing native plugins compatible for Editor in 0.92 ms, found 3 plugins.
Preloading 0 native plugins for Editor in 0.00 ms.
Unloading 3544 Unused Serialized files (Serialized files now loaded: 0)
Unloading 37 unused Assets / (1.3 MB). Loaded Objects now: 3996.
Memory consumption went from 137.4 MB to 136.1 MB.
Total: 3.522700 ms (FindLiveObjects: 0.593000 ms CreateObjectMapping: 0.134500 ms MarkObjects: 2.514400 ms  DeleteObjects: 0.279400 ms)

AssetImportParameters requested are different than current active one (requested -> active):
  custom:video-decoder-ogg-theora: a1e56fd34408186e4bbccfd4996cb3dc -> 
  custom:container-muxer-webm: aa71ff27fc2769a1b78a27578f13a17b -> 
  custom:container-demuxer-webm: 4f35f7cbe854078d1ac9338744f61a02 -> 
  custom:video-encoder-webm-vp8: eb34c28f22e8b96e1ab97ce403110664 -> 
  custom:video-codec-MediaFoundation-h265: 746d11721c4dcdbdad8f713fa42b33f4 -> 
  custom:audio-encoder-webm-vorbis: bf7c407c2cedff20999df2af8eb42d56 -> 
  custom:framework-win-MediaFoundation: 216162199b28c13a410421893ffa2e32 -> 
  custom:container-demuxer-ogg: 62fdf1f143b41e24485cea50d1cbac27 -> 
  custom:video-decoder-webm-vp8: 9c59270c3fd7afecdb556c50c9e8de78 -> 
  custom:audio-decoder-ogg-vorbis: bf7c407c2cedff20999df2af8eb42d56 -> 
========================================================================
Received Import Request.
  Time since last request: 1405132.635512 seconds.
  path: Assets/Scenes/SampleScene.unity
  artifactKey: Guid(9fc0d4010bbf28b4594072e72b8655ab) Importer(815301076,1909f56bfc062723c751e8b465ee728b)
Start importing Assets/Scenes/SampleScene.unity using Guid(9fc0d4010bbf28b4594072e72b8655ab) Importer(815301076,1909f56bfc062723c751e8b465ee728b)  -> (artifact id: '2ce4fadb55a976500c1179b8622b2906') in 0.014139 seconds 
========================================================================
Received Import Request.
  Time since last request: 74.366485 seconds.
  path: Assets/New Terrain.asset
  artifactKey: Guid(f070c26330b5a3b4bb001a90fecbc44f) Importer(815301076,1909f56bfc062723c751e8b465ee728b)
Start importing Assets/New Terrain.asset using Guid(f070c26330b5a3b4bb001a90fecbc44f) Importer(815301076,1909f56bfc062723c751e8b465ee728b)  -> (artifact id: '53b2d75567f7a8cb4f615293da794553') in 0.044910 seconds 
========================================================================
Received Import Request.
  Time since last request: 2.520495 seconds.
  path: Assets/TextMesh Pro
  artifactKey: Guid(f54d1bd14bd3ca042bd867b519fee8cc) Importer(815301076,1909f56bfc062723c751e8b465ee728b)
Start importing Assets/TextMesh Pro using Guid(f54d1bd14bd3ca042bd867b519fee8cc) Importer(815301076,1909f56bfc062723c751e8b465ee728b)  -> (artifact id: 'f5648c5ef36b7beab651a001a8d08867') in 0.006870 seconds 
========================================================================
Received Import Request.
  Time since last request: 21.065148 seconds.
  path: Assets/Asset/Brick Project Studio/_BPS Basic Assets
  artifactKey: Guid(91b83f31308c06d439689f8138186839) Importer(815301076,1909f56bfc062723c751e8b465ee728b)
Start importing Assets/Asset/Brick Project Studio/_BPS Basic Assets using Guid(91b83f31308c06d439689f8138186839) Importer(815301076,1909f56bfc062723c751e8b465ee728b)  -> (artifact id: '387fce5b970ee12193768787569037bf') in 0.007975 seconds 
========================================================================
Received Import Request.
  Time since last request: 1.799570 seconds.
  path: Assets/Asset/Brick Project Studio/_BPS Basic Assets/_Prefabs
  artifactKey: Guid(de72893fc32f11d44bea72b516b905dc) Importer(815301076,1909f56bfc062723c751e8b465ee728b)
Start importing Assets/Asset/Brick Project Studio/_BPS Basic Assets/_Prefabs using Guid(de72893fc32f11d44bea72b516b905dc) Importer(815301076,1909f56bfc062723c751e8b465ee728b)  -> (artifact id: '6345c0957e4a456c4baffb3639d4125b') in 0.007538 seconds 
========================================================================
Received Import Request.
  Time since last request: 2.405657 seconds.
  path: Assets/Asset/Brick Project Studio/_BPS Basic Assets/_Prefabs/Basic Asset
  artifactKey: Guid(bac158623bfb1f84a88997d049519244) Importer(815301076,1909f56bfc062723c751e8b465ee728b)
Start importing Assets/Asset/Brick Project Studio/_BPS Basic Assets/_Prefabs/Basic Asset using Guid(bac158623bfb1f84a88997d049519244) Importer(815301076,1909f56bfc062723c751e8b465ee728b)  -> (artifact id: '499fa77a3252afe9416e21c5a7a684b6') in 0.007353 seconds 
========================================================================
Received Import Request.
  Time since last request: 0.802699 seconds.
  path: Assets/Asset/Brick Project Studio/_BPS Basic Assets/_Prefabs/Basic Asset/BA Build Kit
  artifactKey: Guid(8052955ad9155ac46a56c8bb3beb3dcb) Importer(815301076,1909f56bfc062723c751e8b465ee728b)
Start importing Assets/Asset/Brick Project Studio/_BPS Basic Assets/_Prefabs/Basic Asset/BA Build Kit using Guid(8052955ad9155ac46a56c8bb3beb3dcb) Importer(815301076,1909f56bfc062723c751e8b465ee728b)  -> (artifact id: 'ee3b7cd468603829373b6cab9d346fa0') in 0.007781 seconds 
========================================================================
Received Import Request.
  Time since last request: 0.737856 seconds.
  path: Assets/Asset/Brick Project Studio/_BPS Basic Assets/_Prefabs/Basic Asset/BA Build Kit/Interior
  artifactKey: Guid(5f103d633e747ae4ebeb65ce176b8206) Importer(815301076,1909f56bfc062723c751e8b465ee728b)
Start importing Assets/Asset/Brick Project Studio/_BPS Basic Assets/_Prefabs/Basic Asset/BA Build Kit/Interior using Guid(5f103d633e747ae4ebeb65ce176b8206) Importer(815301076,1909f56bfc062723c751e8b465ee728b)  -> (artifact id: 'a941cbef3fe4fb638cb27d246efc9a42') in 0.007373 seconds 
========================================================================
Received Import Request.
  Time since last request: 0.936968 seconds.
  path: Assets/Asset/Brick Project Studio/_BPS Basic Assets/_Prefabs/Basic Asset/BA Build Kit/Interior/Doors Frames
  artifactKey: Guid(8745cc64eaff13c4e822132fba1736ad) Importer(815301076,1909f56bfc062723c751e8b465ee728b)
Start importing Assets/Asset/Brick Project Studio/_BPS Basic Assets/_Prefabs/Basic Asset/BA Build Kit/Interior/Doors Frames using Guid(8745cc64eaff13c4e822132fba1736ad) Importer(815301076,1909f56bfc062723c751e8b465ee728b)  -> (artifact id: '318537720e073b5aa1a39d8d13d8939b') in 0.007429 seconds 
========================================================================
Received Prepare
Registering precompiled user dll's ...
Registered in 0.005831 seconds.
Begin MonoManager ReloadAssembly
Symbol file LoadedFromMemory doesn't match image C:\Users\13741\Documents\cookinggame\Library\PackageCache\com.unity.visualscripting@1.7.8\Editor\VisualScripting.Core\Dependencies\YamlDotNet\Unity.VisualScripting.YamlDotNet.dll
Symbol file LoadedFromMemory doesn't match image C:\Users\13741\Documents\cookinggame\Library\PackageCache\com.unity.visualscripting@1.7.8\Editor\VisualScripting.Core\Dependencies\DotNetZip\Unity.VisualScripting.IonicZip.dll
Native extension for UWP target not found
Native extension for WindowsStandalone target not found
Refreshing native plugins compatible for Editor in 0.71 ms, found 3 plugins.
Preloading 0 native plugins for Editor in 0.00 ms.
Mono: successfully reloaded assembly
- Completed reload, in  0.991 seconds
Domain Reload Profiling:
	ReloadAssembly (991ms)
		BeginReloadAssembly (137ms)
			ExecutionOrderSort (0ms)
			DisableScriptedObjects (6ms)
			BackupInstance (0ms)
			ReleaseScriptingObjects (0ms)
			CreateAndSetChildDomain (36ms)
		EndReloadAssembly (764ms)
			LoadAssemblies (85ms)
			RebuildTransferFunctionScriptingTraits (0ms)
			SetupTypeCache (251ms)
			ReleaseScriptCaches (2ms)
			RebuildScriptCaches (46ms)
			SetupLoadedEditorAssemblies (349ms)
				LogAssemblyErrors (0ms)
				InitializePlatformSupportModulesInManaged (12ms)
				SetLoadedEditorAssemblies (0ms)
				RefreshPlugins (1ms)
				BeforeProcessingInitializeOnLoad (83ms)
				ProcessInitializeOnLoadAttributes (223ms)
				ProcessInitializeOnLoadMethodAttributes (22ms)
				AfterProcessingInitializeOnLoad (7ms)
				EditorAssembliesLoaded (0ms)
			ExecutionOrderSort2 (0ms)
			AwakeInstancesAfterBackupRestoration (5ms)
Platform modules already initialized, skipping
Refreshing native plugins compatible for Editor in 1.87 ms, found 3 plugins.
Preloading 0 native plugins for Editor in 0.00 ms.
Unloading 3499 Unused Serialized files (Serialized files now loaded: 0)
Unloading 32 unused Assets / (1.8 MB). Loaded Objects now: 4004.
Memory consumption went from 133.7 MB to 132.0 MB.
Total: 3.179900 ms (FindLiveObjects: 0.224900 ms CreateObjectMapping: 0.080200 ms MarkObjects: 2.437800 ms  DeleteObjects: 0.436200 ms)

AssetImportParameters requested are different than current active one (requested -> active):
  custom:video-decoder-ogg-theora: a1e56fd34408186e4bbccfd4996cb3dc -> 
  custom:container-muxer-webm: aa71ff27fc2769a1b78a27578f13a17b -> 
  custom:container-demuxer-webm: 4f35f7cbe854078d1ac9338744f61a02 -> 
  custom:video-encoder-webm-vp8: eb34c28f22e8b96e1ab97ce403110664 -> 
  custom:video-codec-MediaFoundation-h265: 746d11721c4dcdbdad8f713fa42b33f4 -> 
  custom:audio-encoder-webm-vorbis: bf7c407c2cedff20999df2af8eb42d56 -> 
  custom:framework-win-MediaFoundation: 216162199b28c13a410421893ffa2e32 -> 
  custom:container-demuxer-ogg: 62fdf1f143b41e24485cea50d1cbac27 -> 
  custom:video-decoder-webm-vp8: 9c59270c3fd7afecdb556c50c9e8de78 -> 
  custom:audio-decoder-ogg-vorbis: bf7c407c2cedff20999df2af8eb42d56 -> 
========================================================================
Received Import Request.
  Time since last request: 277.935392 seconds.
  path: Assets/Asset/Brick Project Studio/Materials
  artifactKey: Guid(d0c02a8646dc42e4e95fc7d058dcf638) Importer(815301076,1909f56bfc062723c751e8b465ee728b)
Start importing Assets/Asset/Brick Project Studio/Materials using Guid(d0c02a8646dc42e4e95fc7d058dcf638) Importer(815301076,1909f56bfc062723c751e8b465ee728b)  -> (artifact id: '53b1f41087ce443a271adceba56f9669') in 0.014843 seconds 
========================================================================
Received Import Request.
  Time since last request: 10.260817 seconds.
  path: Assets/Asset/Brick Project Studio/Fast Food Restaurant Kit/_Prefabs/Fast Food Build Kit/Floors Walls Ceiling Doors
  artifactKey: Guid(1df947f09ae15fb4cae16ccc87a32674) Importer(815301076,1909f56bfc062723c751e8b465ee728b)
Start importing Assets/Asset/Brick Project Studio/Fast Food Restaurant Kit/_Prefabs/Fast Food Build Kit/Floors Walls Ceiling Doors using Guid(1df947f09ae15fb4cae16ccc87a32674) Importer(815301076,1909f56bfc062723c751e8b465ee728b)  -> (artifact id: '2911152fdbea2027000c6849b5143389') in 0.007535 seconds 
========================================================================
Received Import Request.
  Time since last request: 0.036784 seconds.
  path: Assets/Asset/Brick Project Studio/Fast Food Restaurant Kit/_Prefabs/Fast Food Build Kit/Floors Walls Ceiling Doors/FFK_DoorFrame_01_01.prefab
  artifactKey: Guid(4ae60d1d676da304baddd4bdfa246f16) Importer(815301076,1909f56bfc062723c751e8b465ee728b)
Start importing Assets/Asset/Brick Project Studio/Fast Food Restaurant Kit/_Prefabs/Fast Food Build Kit/Floors Walls Ceiling Doors/FFK_DoorFrame_01_01.prefab using Guid(4ae60d1d676da304baddd4bdfa246f16) Importer(815301076,1909f56bfc062723c751e8b465ee728b)  -> (artifact id: '0488f2e5a4f35d7eafc0df5df2956374') in 0.145820 seconds 
========================================================================
Received Import Request.
  Time since last request: 0.000043 seconds.
  path: Assets/Asset/Brick Project Studio/Fast Food Restaurant Kit/_Prefabs/Fast Food Build Kit/Floors Walls Ceiling Doors/Int_FFK_01_Pillar_3x3.prefab
  artifactKey: Guid(dfd41a3a09e3e4e4fbe77fcbc822bc39) Importer(815301076,1909f56bfc062723c751e8b465ee728b)
Start importing Assets/Asset/Brick Project Studio/Fast Food Restaurant Kit/_Prefabs/Fast Food Build Kit/Floors Walls Ceiling Doors/Int_FFK_01_Pillar_3x3.prefab using Guid(dfd41a3a09e3e4e4fbe77fcbc822bc39) Importer(815301076,1909f56bfc062723c751e8b465ee728b)  -> (artifact id: '187a1d4bdb6b8ba0a6524abdd36b2a1a') in 0.026151 seconds 
========================================================================
Received Import Request.
  Time since last request: 0.000039 seconds.
  path: Assets/Asset/Brick Project Studio/Fast Food Restaurant Kit/_Prefabs/Fast Food Build Kit/Floors Walls Ceiling Doors/Int_FFK_01_Filler_03.prefab
  artifactKey: Guid(e79ee9a2f2943cd4f82bd7e113e7fb56) Importer(815301076,1909f56bfc062723c751e8b465ee728b)
Start importing Assets/Asset/Brick Project Studio/Fast Food Restaurant Kit/_Prefabs/Fast Food Build Kit/Floors Walls Ceiling Doors/Int_FFK_01_Filler_03.prefab using Guid(e79ee9a2f2943cd4f82bd7e113e7fb56) Importer(815301076,1909f56bfc062723c751e8b465ee728b)  -> (artifact id: '3675f9cd00a5343db37bf6e6e8907064') in 0.020634 seconds 
========================================================================
Received Import Request.
  Time since last request: 0.000020 seconds.
  path: Assets/Asset/Brick Project Studio/Fast Food Restaurant Kit/_Prefabs/Fast Food Build Kit/Floors Walls Ceiling Doors/Int_FFK_Frame_Double_01.prefab
  artifactKey: Guid(75719c1495cd4e349bb0d6d66e15ce3a) Importer(815301076,1909f56bfc062723c751e8b465ee728b)
Start importing Assets/Asset/Brick Project Studio/Fast Food Restaurant Kit/_Prefabs/Fast Food Build Kit/Floors Walls Ceiling Doors/Int_FFK_Frame_Double_01.prefab using Guid(75719c1495cd4e349bb0d6d66e15ce3a) Importer(815301076,1909f56bfc062723c751e8b465ee728b)  -> (artifact id: 'e6f1e472e43bf0899d03acd3c0be5a3e') in 0.029737 seconds 
========================================================================
Received Import Request.
  Time since last request: 0.000036 seconds.
  path: Assets/Asset/Brick Project Studio/Fast Food Restaurant Kit/_Prefabs/Fast Food Build Kit/Floors Walls Ceiling Doors/Int_FFK_01_Pillar_4x4.prefab
  artifactKey: Guid(acf0fcf81bb5449499b877847602cf7f) Importer(815301076,1909f56bfc062723c751e8b465ee728b)
Start importing Assets/Asset/Brick Project Studio/Fast Food Restaurant Kit/_Prefabs/Fast Food Build Kit/Floors Walls Ceiling Doors/Int_FFK_01_Pillar_4x4.prefab using Guid(acf0fcf81bb5449499b877847602cf7f) Importer(815301076,1909f56bfc062723c751e8b465ee728b)  -> (artifact id: 'c4f055da7829b2a4c682280588656872') in 0.025940 seconds 
========================================================================
Received Import Request.
  Time since last request: 0.000033 seconds.
  path: Assets/Asset/Brick Project Studio/Fast Food Restaurant Kit/_Prefabs/Fast Food Build Kit/Floors Walls Ceiling Doors/Int_FFK_01_Pillar_2x2.prefab
  artifactKey: Guid(d3ff576f6131e91448d4d670d0b55bc0) Importer(815301076,1909f56bfc062723c751e8b465ee728b)
Start importing Assets/Asset/Brick Project Studio/Fast Food Restaurant Kit/_Prefabs/Fast Food Build Kit/Floors Walls Ceiling Doors/Int_FFK_01_Pillar_2x2.prefab using Guid(d3ff576f6131e91448d4d670d0b55bc0) Importer(815301076,1909f56bfc062723c751e8b465ee728b)  -> (artifact id: 'c14334bd144c285bc12aca9bc9146392') in 0.019608 seconds 
========================================================================
Received Import Request.
  Time since last request: 0.000025 seconds.
  path: Assets/Asset/Brick Project Studio/Fast Food Restaurant Kit/_Prefabs/Fast Food Build Kit/Floors Walls Ceiling Doors/Int_FFK_01_Floor_01.prefab
  artifactKey: Guid(3c0b460c20e5c954d8523df4157882d1) Importer(815301076,1909f56bfc062723c751e8b465ee728b)
Start importing Assets/Asset/Brick Project Studio/Fast Food Restaurant Kit/_Prefabs/Fast Food Build Kit/Floors Walls Ceiling Doors/Int_FFK_01_Floor_01.prefab using Guid(3c0b460c20e5c954d8523df4157882d1) Importer(815301076,1909f56bfc062723c751e8b465ee728b)  -> (artifact id: 'ecfdbebde4e0b65df32bdb8eb4bc3796') in 0.019555 seconds 
========================================================================
Received Import Request.
  Time since last request: 0.000021 seconds.
  path: Assets/Asset/Brick Project Studio/Fast Food Restaurant Kit/_Prefabs/Fast Food Build Kit/Floors Walls Ceiling Doors/Int_FFK_01_Ceiling_01.prefab
  artifactKey: Guid(cc2c18e189d423749bcb27809650683d) Importer(815301076,1909f56bfc062723c751e8b465ee728b)
Start importing Assets/Asset/Brick Project Studio/Fast Food Restaurant Kit/_Prefabs/Fast Food Build Kit/Floors Walls Ceiling Doors/Int_FFK_01_Ceiling_01.prefab using Guid(cc2c18e189d423749bcb27809650683d) Importer(815301076,1909f56bfc062723c751e8b465ee728b)  -> (artifact id: 'a67aee298d3183e468e4b1310ceec0b6') in 0.017847 seconds 
========================================================================
Received Import Request.
  Time since last request: 424.090691 seconds.
  path: Assets/Asset/Brick Project Studio/Fast Food Restaurant Kit/_Prefabs/Fast Food Build Kit/Divider/FFK_Divider_01_02_01.prefab
  artifactKey: Guid(725d9424d7c52bd4583d5d1f365db101) Importer(815301076,1909f56bfc062723c751e8b465ee728b)
Start importing Assets/Asset/Brick Project Studio/Fast Food Restaurant Kit/_Prefabs/Fast Food Build Kit/Divider/FFK_Divider_01_02_01.prefab using Guid(725d9424d7c52bd4583d5d1f365db101) Importer(815301076,1909f56bfc062723c751e8b465ee728b)  -> (artifact id: '39fff8fe605f9e7a68eb6e5aab0c40ad') in 0.055357 seconds 
========================================================================
Received Import Request.
  Time since last request: 0.000020 seconds.
  path: Assets/Asset/Brick Project Studio/Fast Food Restaurant Kit/_Prefabs/Fast Food Build Kit/Divider/FFK_Divider_02_01_01.prefab
  artifactKey: Guid(ebf1bcc9d3a3080448905202886c6801) Importer(815301076,1909f56bfc062723c751e8b465ee728b)
Start importing Assets/Asset/Brick Project Studio/Fast Food Restaurant Kit/_Prefabs/Fast Food Build Kit/Divider/FFK_Divider_02_01_01.prefab using Guid(ebf1bcc9d3a3080448905202886c6801) Importer(815301076,1909f56bfc062723c751e8b465ee728b)  -> (artifact id: '5ec4bcf85d64611d031e9543f312851e') in 0.032873 seconds 
========================================================================
Received Import Request.
  Time since last request: 0.000033 seconds.
  path: Assets/Asset/Brick Project Studio/Fast Food Restaurant Kit/_Prefabs/Fast Food Build Kit/Divider/FFK_Divider_01_04_01.prefab
  artifactKey: Guid(1cb71233034ef3741aeb2772b4885939) Importer(815301076,1909f56bfc062723c751e8b465ee728b)
Start importing Assets/Asset/Brick Project Studio/Fast Food Restaurant Kit/_Prefabs/Fast Food Build Kit/Divider/FFK_Divider_01_04_01.prefab using Guid(1cb71233034ef3741aeb2772b4885939) Importer(815301076,1909f56bfc062723c751e8b465ee728b)  -> (artifact id: 'd92abdd8545a7851de7a7d8f75a16bbf') in 0.056885 seconds 
========================================================================
Received Import Request.
  Time since last request: 0.000030 seconds.
  path: Assets/Asset/Brick Project Studio/Fast Food Restaurant Kit/_Prefabs/Fast Food Build Kit/Divider/FFK_Divider_02_02_01.prefab
  artifactKey: Guid(654e2b6c11bc26c4a835d27cfb2b015a) Importer(815301076,1909f56bfc062723c751e8b465ee728b)
Start importing Assets/Asset/Brick Project Studio/Fast Food Restaurant Kit/_Prefabs/Fast Food Build Kit/Divider/FFK_Divider_02_02_01.prefab using Guid(654e2b6c11bc26c4a835d27cfb2b015a) Importer(815301076,1909f56bfc062723c751e8b465ee728b)  -> (artifact id: '49c151a1a269c31451c50aa680c7d0aa') in 0.059622 seconds 
========================================================================
Received Import Request.
  Time since last request: 0.000021 seconds.
  path: Assets/Asset/Brick Project Studio/Fast Food Restaurant Kit/_Prefabs/Fast Food Build Kit/Divider/FFK_Divider_03_01_01.prefab
  artifactKey: Guid(6475c5ebe5d06934496f4fd62a8d10f1) Importer(815301076,1909f56bfc062723c751e8b465ee728b)
Start importing Assets/Asset/Brick Project Studio/Fast Food Restaurant Kit/_Prefabs/Fast Food Build Kit/Divider/FFK_Divider_03_01_01.prefab using Guid(6475c5ebe5d06934496f4fd62a8d10f1) Importer(815301076,1909f56bfc062723c751e8b465ee728b)  -> (artifact id: 'a08f72f3576768754bfb4d25014d5152') in 0.215703 seconds 
========================================================================
Received Import Request.
  Time since last request: 0.000038 seconds.
  path: Assets/Asset/Brick Project Studio/Fast Food Restaurant Kit/_Prefabs/Fast Food Build Kit/Divider/FFK_Divider_06_01_01.prefab
  artifactKey: Guid(aa73596735f14a0478470715383834c0) Importer(815301076,1909f56bfc062723c751e8b465ee728b)
Start importing Assets/Asset/Brick Project Studio/Fast Food Restaurant Kit/_Prefabs/Fast Food Build Kit/Divider/FFK_Divider_06_01_01.prefab using Guid(aa73596735f14a0478470715383834c0) Importer(815301076,1909f56bfc062723c751e8b465ee728b)  -> (artifact id: '19b332b6de1e3b45a1d8932411ba0d14') in 0.022724 seconds 
========================================================================
Received Import Request.
  Time since last request: 17.679105 seconds.
  path: Assets/Asset/Brick Project Studio/Fast Food Restaurant Kit/_Prefabs/Fast Food Build Kit/Int_Ext/ExtInt_FFK_Entrance_02_01.prefab
  artifactKey: Guid(89ff244a58c1b4e40b2905013ad3b107) Importer(815301076,1909f56bfc062723c751e8b465ee728b)
Start importing Assets/Asset/Brick Project Studio/Fast Food Restaurant Kit/_Prefabs/Fast Food Build Kit/Int_Ext/ExtInt_FFK_Entrance_02_01.prefab using Guid(89ff244a58c1b4e40b2905013ad3b107) Importer(815301076,1909f56bfc062723c751e8b465ee728b)  -> (artifact id: 'e6e348ffb1195fcb64d84a96e5314b78') in 0.209965 seconds 
========================================================================
Received Import Request.
  Time since last request: 0.000054 seconds.
  path: Assets/Asset/Brick Project Studio/Fast Food Restaurant Kit/_Prefabs/Fast Food Build Kit/Int_Ext/ExtInt_FFK_Wall_02_01.prefab
  artifactKey: Guid(1a7ee6b8409d984478bcc1746266691b) Importer(815301076,1909f56bfc062723c751e8b465ee728b)
Start importing Assets/Asset/Brick Project Studio/Fast Food Restaurant Kit/_Prefabs/Fast Food Build Kit/Int_Ext/ExtInt_FFK_Wall_02_01.prefab using Guid(1a7ee6b8409d984478bcc1746266691b) Importer(815301076,1909f56bfc062723c751e8b465ee728b)  -> (artifact id: 'e40990ae1ff5855ae34a8d1f12f78d16') in 0.023238 seconds 
========================================================================
Received Import Request.
  Time since last request: 0.000034 seconds.
  path: Assets/Asset/Brick Project Studio/Fast Food Restaurant Kit/_Prefabs/Fast Food Build Kit/Int_Ext/ExtInt_FFK_Wall_03_01.prefab
  artifactKey: Guid(57e11b61f7f21a44ab797b7d95ea1b37) Importer(815301076,1909f56bfc062723c751e8b465ee728b)
Start importing Assets/Asset/Brick Project Studio/Fast Food Restaurant Kit/_Prefabs/Fast Food Build Kit/Int_Ext/ExtInt_FFK_Wall_03_01.prefab using Guid(57e11b61f7f21a44ab797b7d95ea1b37) Importer(815301076,1909f56bfc062723c751e8b465ee728b)  -> (artifact id: 'a582f1c12e9e59007666b7feff54c071') in 0.020378 seconds 
========================================================================
Received Import Request.
  Time since last request: 310.742979 seconds.
  path: Assets/Asset/Brick Project Studio/Fast Food Restaurant Kit/_Prefabs/Furniture/Seating
  artifactKey: Guid(bc803723c4001b243b0c3d365265b72f) Importer(815301076,1909f56bfc062723c751e8b465ee728b)
Start importing Assets/Asset/Brick Project Studio/Fast Food Restaurant Kit/_Prefabs/Furniture/Seating using Guid(bc803723c4001b243b0c3d365265b72f) Importer(815301076,1909f56bfc062723c751e8b465ee728b)  -> (artifact id: '0c58e5ec0784164ec4d022e7088ea2f3') in 0.007488 seconds 
========================================================================
Received Import Request.
  Time since last request: 0.031670 seconds.
  path: Assets/Asset/Brick Project Studio/Fast Food Restaurant Kit/_Prefabs/Furniture/Seating/FFK_Bench_01_01.prefab
  artifactKey: Guid(e4d1bc9a36422774ab3dfb5fa1aa0185) Importer(815301076,1909f56bfc062723c751e8b465ee728b)
Start importing Assets/Asset/Brick Project Studio/Fast Food Restaurant Kit/_Prefabs/Furniture/Seating/FFK_Bench_01_01.prefab using Guid(e4d1bc9a36422774ab3dfb5fa1aa0185) Importer(815301076,1909f56bfc062723c751e8b465ee728b)  -> (artifact id: '427d3d3c8c32dc05161794accd7c8731') in 0.045115 seconds 
========================================================================
Received Import Request.
  Time since last request: 0.000025 seconds.
  path: Assets/Asset/Brick Project Studio/Fast Food Restaurant Kit/_Prefabs/Furniture/Seating/FFK_Chair_01_02.prefab
  artifactKey: Guid(6aa2d3c9e99bef54ab0984ca866bf171) Importer(815301076,1909f56bfc062723c751e8b465ee728b)
Start importing Assets/Asset/Brick Project Studio/Fast Food Restaurant Kit/_Prefabs/Furniture/Seating/FFK_Chair_01_02.prefab using Guid(6aa2d3c9e99bef54ab0984ca866bf171) Importer(815301076,1909f56bfc062723c751e8b465ee728b)  -> (artifact id: '0142511b82a9629df7836103d260585a') in 0.066571 seconds 
========================================================================
Received Import Request.
  Time since last request: 0.000019 seconds.
  path: Assets/Asset/Brick Project Studio/Fast Food Restaurant Kit/_Prefabs/Furniture/Seating/FFK_Chair_01_01.prefab
  artifactKey: Guid(bc65cd5b9c7ae234d8fc13b5b8eecd3c) Importer(815301076,1909f56bfc062723c751e8b465ee728b)
Start importing Assets/Asset/Brick Project Studio/Fast Food Restaurant Kit/_Prefabs/Furniture/Seating/FFK_Chair_01_01.prefab using Guid(bc65cd5b9c7ae234d8fc13b5b8eecd3c) Importer(815301076,1909f56bfc062723c751e8b465ee728b)  -> (artifact id: '686b14aa4738cc2ed0cce1b6c274e060') in 0.062337 seconds 
========================================================================
Received Import Request.
  Time since last request: 0.000024 seconds.
  path: Assets/Asset/Brick Project Studio/Fast Food Restaurant Kit/_Prefabs/Furniture/Seating/FFK_Stool_02_03.prefab
  artifactKey: Guid(cd2eb8e1d36cdd14784fd084d6cc75a0) Importer(815301076,1909f56bfc062723c751e8b465ee728b)
Start importing Assets/Asset/Brick Project Studio/Fast Food Restaurant Kit/_Prefabs/Furniture/Seating/FFK_Stool_02_03.prefab using Guid(cd2eb8e1d36cdd14784fd084d6cc75a0) Importer(815301076,1909f56bfc062723c751e8b465ee728b)  -> (artifact id: '269c4ae0d883e873b0266912e588f662') in 0.036688 seconds 
========================================================================
Received Import Request.
  Time since last request: 0.000030 seconds.
  path: Assets/Asset/Brick Project Studio/Fast Food Restaurant Kit/_Prefabs/Furniture/Seating/FFK_Stool_01_01.prefab
  artifactKey: Guid(4ada60c29a249cd4682acbb07b830ca1) Importer(815301076,1909f56bfc062723c751e8b465ee728b)
Start importing Assets/Asset/Brick Project Studio/Fast Food Restaurant Kit/_Prefabs/Furniture/Seating/FFK_Stool_01_01.prefab using Guid(4ada60c29a249cd4682acbb07b830ca1) Importer(815301076,1909f56bfc062723c751e8b465ee728b)  -> (artifact id: 'ae81e832435fe669f0ab0cc1e089bf43') in 0.051428 seconds 
========================================================================
Received Import Request.
  Time since last request: 0.000018 seconds.
  path: Assets/Asset/Brick Project Studio/Fast Food Restaurant Kit/_Prefabs/Furniture/Seating/FFK_Stool_01_03.prefab
  artifactKey: Guid(421fc6b16fac8c847bda4f150483b57e) Importer(815301076,1909f56bfc062723c751e8b465ee728b)
Start importing Assets/Asset/Brick Project Studio/Fast Food Restaurant Kit/_Prefabs/Furniture/Seating/FFK_Stool_01_03.prefab using Guid(421fc6b16fac8c847bda4f150483b57e) Importer(815301076,1909f56bfc062723c751e8b465ee728b)  -> (artifact id: '5ae60d69b223ac63d5f6c3a14471c757') in 0.021208 seconds 
========================================================================
Received Import Request.
  Time since last request: 0.000022 seconds.
  path: Assets/Asset/Brick Project Studio/Fast Food Restaurant Kit/_Prefabs/Furniture/Seating/FFK_Chair_02_01.prefab
  artifactKey: Guid(9b4c7175919cf984c8bfa6006681c124) Importer(815301076,1909f56bfc062723c751e8b465ee728b)
Start importing Assets/Asset/Brick Project Studio/Fast Food Restaurant Kit/_Prefabs/Furniture/Seating/FFK_Chair_02_01.prefab using Guid(9b4c7175919cf984c8bfa6006681c124) Importer(815301076,1909f56bfc062723c751e8b465ee728b)  -> (artifact id: '50a548a5b86054189c122cad9ab58add') in 0.016867 seconds 
========================================================================
Received Import Request.
  Time since last request: 5.563094 seconds.
  path: Assets/Asset/Brick Project Studio/Fast Food Restaurant Kit/_Prefabs/Furniture/Misc/FFK_TableFreestanding_01_01.prefab
  artifactKey: Guid(2a6c5d2b744325b4981b6056758f4db6) Importer(815301076,1909f56bfc062723c751e8b465ee728b)
Start importing Assets/Asset/Brick Project Studio/Fast Food Restaurant Kit/_Prefabs/Furniture/Misc/FFK_TableFreestanding_01_01.prefab using Guid(2a6c5d2b744325b4981b6056758f4db6) Importer(815301076,1909f56bfc062723c751e8b465ee728b)  -> (artifact id: '10d08a3af97e6e9da967331b98d13dca') in 0.019540 seconds 
Editor requested this worker to shutdown with reason: Scaling down because of idle timeout
AssetImportWorker is now disconnected from the server
Process exiting
Exiting without the bug reporter. Application will terminate with return code 0