Using pre-set license
Built from '2021.3/staging' branch; Version is '2021.3.16f1 (4016570cf34f) revision 4200023'; Using compiler version '192829333'; Build Type 'Release'
OS: 'Windows 11  (10.0.22631) 64bit Core' Language: 'zh' Physical Memory: 16236 MB
BatchMode: 1, IsHumanControllingUs: 0, StartBugReporterOnCrash: 0, Is64bit: 1, IsPro: 1

COMMAND LINE ARGUMENTS:
C:\Program Files\Unity\Hub\Editor\2021.3.16f1\Editor\Unity.exe
-adb2
-batchMode
-noUpm
-name
AssetImportWorker3
-projectPath
C:/Users/13741/Documents/cookinggame
-logFile
Logs/AssetImportWorker3.log
-srvPort
61575
Successfully changed project path to: C:/Users/13741/Documents/cookinggame
C:/Users/13741/Documents/cookinggame
[UnityMemory] Configuration Parameters - Can be set up in boot.config
    "memorysetup-bucket-allocator-granularity=16"
    "memorysetup-bucket-allocator-bucket-count=8"
    "memorysetup-bucket-allocator-block-size=33554432"
    "memorysetup-bucket-allocator-block-count=8"
    "memorysetup-main-allocator-block-size=16777216"
    "memorysetup-thread-allocator-block-size=16777216"
    "memorysetup-gfx-main-allocator-block-size=16777216"
    "memorysetup-gfx-thread-allocator-block-size=16777216"
    "memorysetup-cache-allocator-block-size=4194304"
    "memorysetup-typetree-allocator-block-size=2097152"
    "memorysetup-profiler-bucket-allocator-granularity=16"
    "memorysetup-profiler-bucket-allocator-bucket-count=8"
    "memorysetup-profiler-bucket-allocator-block-size=33554432"
    "memorysetup-profiler-bucket-allocator-block-count=8"
    "memorysetup-profiler-allocator-block-size=16777216"
    "memorysetup-profiler-editor-allocator-block-size=1048576"
    "memorysetup-temp-allocator-size-main=16777216"
    "memorysetup-job-temp-allocator-block-size=2097152"
    "memorysetup-job-temp-allocator-block-size-background=1048576"
    "memorysetup-job-temp-allocator-reduction-small-platforms=262144"
    "memorysetup-temp-allocator-size-background-worker=32768"
    "memorysetup-temp-allocator-size-job-worker=262144"
    "memorysetup-temp-allocator-size-preload-manager=33554432"
    "memorysetup-temp-allocator-size-nav-mesh-worker=65536"
    "memorysetup-temp-allocator-size-audio-worker=65536"
    "memorysetup-temp-allocator-size-cloud-worker=32768"
    "memorysetup-temp-allocator-size-gi-baking-worker=262144"
    "memorysetup-temp-allocator-size-gfx=262144"
Player connection [8648] Host "[IP] 10.0.0.178 [Port] 0 [Flags] 2 [Guid] 1025240599 [EditorId] 1025240599 [Version] 1048832 [Id] WindowsEditor(7,LAPTOP-BG0D3BFH) [Debug] 1 [PackageName] WindowsEditor [ProjectName] Editor" joined multi-casting on [225.0.0.222:54997]...

Player connection [8648] Host "[IP] 10.0.0.178 [Port] 0 [Flags] 2 [Guid] 1025240599 [EditorId] 1025240599 [Version] 1048832 [Id] WindowsEditor(7,LAPTOP-BG0D3BFH) [Debug] 1 [PackageName] WindowsEditor [ProjectName] Editor" joined alternative multi-casting on [225.0.0.222:34997]...

Refreshing native plugins compatible for Editor in 90.77 ms, found 3 plugins.
Preloading 0 native plugins for Editor in 0.00 ms.
Initialize engine version: 2021.3.16f1 (4016570cf34f)
[Subsystems] Discovering subsystems at path C:/Program Files/Unity/Hub/Editor/2021.3.16f1/Editor/Data/Resources/UnitySubsystems
[Subsystems] Discovering subsystems at path C:/Users/13741/Documents/cookinggame/Assets
GfxDevice: creating device client; threaded=0; jobified=0
Direct3D:
    Version:  Direct3D 11.0 [level 11.1]
    Renderer: NVIDIA GeForce RTX 3070 Laptop GPU (ID=0x24dd)
    Vendor:   NVIDIA
    VRAM:     8020 MB
    Driver:   32.0.15.6081
Initialize mono
Mono path[0] = 'C:/Program Files/Unity/Hub/Editor/2021.3.16f1/Editor/Data/Managed'
Mono path[1] = 'C:/Program Files/Unity/Hub/Editor/2021.3.16f1/Editor/Data/MonoBleedingEdge/lib/mono/unityjit-win32'
Mono config path = 'C:/Program Files/Unity/Hub/Editor/2021.3.16f1/Editor/Data/MonoBleedingEdge/etc'
Using monoOptions --debugger-agent=transport=dt_socket,embedding=1,server=y,suspend=n,address=127.0.0.1:56012
Begin MonoManager ReloadAssembly
Registering precompiled unity dll's ...
Register platform support module: C:/Program Files/Unity/Hub/Editor/2021.3.16f1/Editor/Data/PlaybackEngines/WindowsStandaloneSupport/UnityEditor.WindowsStandalone.Extensions.dll
Register platform support module: C:/Program Files/Unity/Hub/Editor/2021.3.16f1/Editor/Data/PlaybackEngines/MetroSupport/UnityEditor.UWP.Extensions.dll
Registered in 0.005463 seconds.
Native extension for UWP target not found
Native extension for WindowsStandalone target not found
Refreshing native plugins compatible for Editor in 76.88 ms, found 3 plugins.
Preloading 0 native plugins for Editor in 0.00 ms.
Mono: successfully reloaded assembly
- Completed reload, in  0.601 seconds
Domain Reload Profiling:
	ReloadAssembly (602ms)
		BeginReloadAssembly (64ms)
			ExecutionOrderSort (0ms)
			DisableScriptedObjects (0ms)
			BackupInstance (0ms)
			ReleaseScriptingObjects (0ms)
			CreateAndSetChildDomain (1ms)
		EndReloadAssembly (424ms)
			LoadAssemblies (66ms)
			RebuildTransferFunctionScriptingTraits (0ms)
			SetupTypeCache (103ms)
			ReleaseScriptCaches (0ms)
			RebuildScriptCaches (24ms)
			SetupLoadedEditorAssemblies (249ms)
				LogAssemblyErrors (0ms)
				InitializePlatformSupportModulesInManaged (8ms)
				SetLoadedEditorAssemblies (0ms)
				RefreshPlugins (77ms)
				BeforeProcessingInitializeOnLoad (1ms)
				ProcessInitializeOnLoadAttributes (122ms)
				ProcessInitializeOnLoadMethodAttributes (40ms)
				AfterProcessingInitializeOnLoad (0ms)
				EditorAssembliesLoaded (0ms)
			ExecutionOrderSort2 (0ms)
			AwakeInstancesAfterBackupRestoration (0ms)
Platform modules already initialized, skipping
Registering precompiled user dll's ...
Registered in 0.006009 seconds.
Begin MonoManager ReloadAssembly
Symbol file LoadedFromMemory doesn't match image C:\Users\13741\Documents\cookinggame\Library\PackageCache\com.unity.visualscripting@1.7.8\Editor\VisualScripting.Core\Dependencies\YamlDotNet\Unity.VisualScripting.YamlDotNet.dll
Symbol file LoadedFromMemory doesn't match image C:\Users\13741\Documents\cookinggame\Library\PackageCache\com.unity.visualscripting@1.7.8\Editor\VisualScripting.Core\Dependencies\DotNetZip\Unity.VisualScripting.IonicZip.dll
Native extension for UWP target not found
Native extension for WindowsStandalone target not found
Refreshing native plugins compatible for Editor in 0.69 ms, found 3 plugins.
Preloading 0 native plugins for Editor in 0.00 ms.
Mono: successfully reloaded assembly
- Completed reload, in  0.972 seconds
Domain Reload Profiling:
	ReloadAssembly (973ms)
		BeginReloadAssembly (97ms)
			ExecutionOrderSort (0ms)
			DisableScriptedObjects (5ms)
			BackupInstance (0ms)
			ReleaseScriptingObjects (0ms)
			CreateAndSetChildDomain (18ms)
		EndReloadAssembly (774ms)
			LoadAssemblies (83ms)
			RebuildTransferFunctionScriptingTraits (0ms)
			SetupTypeCache (236ms)
			ReleaseScriptCaches (1ms)
			RebuildScriptCaches (59ms)
			SetupLoadedEditorAssemblies (357ms)
				LogAssemblyErrors (0ms)
				InitializePlatformSupportModulesInManaged (6ms)
				SetLoadedEditorAssemblies (0ms)
				RefreshPlugins (1ms)
				BeforeProcessingInitializeOnLoad (87ms)
				ProcessInitializeOnLoadAttributes (233ms)
				ProcessInitializeOnLoadMethodAttributes (24ms)
				AfterProcessingInitializeOnLoad (7ms)
				EditorAssembliesLoaded (0ms)
			ExecutionOrderSort2 (0ms)
			AwakeInstancesAfterBackupRestoration (5ms)
Platform modules already initialized, skipping
========================================================================
Worker process is ready to serve import requests
Launched and connected shader compiler UnityShaderCompiler.exe after 0.05 seconds
Refreshing native plugins compatible for Editor in 0.76 ms, found 3 plugins.
Preloading 0 native plugins for Editor in 0.00 ms.
Unloading 3547 Unused Serialized files (Serialized files now loaded: 0)
Unloading 37 unused Assets / (1.3 MB). Loaded Objects now: 4013.
Memory consumption went from 149.3 MB to 148.1 MB.
Total: 3.740500 ms (FindLiveObjects: 0.248200 ms CreateObjectMapping: 0.173600 ms MarkObjects: 2.932200 ms  DeleteObjects: 0.384800 ms)

AssetImportParameters requested are different than current active one (requested -> active):
  custom:video-decoder-ogg-theora: a1e56fd34408186e4bbccfd4996cb3dc -> 
  custom:container-muxer-webm: aa71ff27fc2769a1b78a27578f13a17b -> 
  custom:container-demuxer-webm: 4f35f7cbe854078d1ac9338744f61a02 -> 
  custom:video-encoder-webm-vp8: eb34c28f22e8b96e1ab97ce403110664 -> 
  custom:video-codec-MediaFoundation-h265: 746d11721c4dcdbdad8f713fa42b33f4 -> 
  custom:audio-encoder-webm-vorbis: bf7c407c2cedff20999df2af8eb42d56 -> 
  custom:framework-win-MediaFoundation: 216162199b28c13a410421893ffa2e32 -> 
  custom:container-demuxer-ogg: 62fdf1f143b41e24485cea50d1cbac27 -> 
  custom:video-decoder-webm-vp8: 9c59270c3fd7afecdb556c50c9e8de78 -> 
  custom:audio-decoder-ogg-vorbis: bf7c407c2cedff20999df2af8eb42d56 -> 
========================================================================
Received Import Request.
  Time since last request: 1405968.285315 seconds.
  path: Assets/Asset/Brick Project Studio/Fast Food Restaurant Kit/_Prefabs/Fast Food Build Kit/Int_Ext/ExtInt_FFK_Wall_01_01.prefab
  artifactKey: Guid(8ac7ecdbda8cff84cac06dc1b9b33100) Importer(815301076,1909f56bfc062723c751e8b465ee728b)
Start importing Assets/Asset/Brick Project Studio/Fast Food Restaurant Kit/_Prefabs/Fast Food Build Kit/Int_Ext/ExtInt_FFK_Wall_01_01.prefab using Guid(8ac7ecdbda8cff84cac06dc1b9b33100) Importer(815301076,1909f56bfc062723c751e8b465ee728b)  -> (artifact id: '885adc9a9484c835bbd897d4583f164f') in 0.324327 seconds 
========================================================================
Received Import Request.
  Time since last request: 310.727276 seconds.
  path: Assets/Asset/Brick Project Studio/Fast Food Restaurant Kit/_Prefabs/Furniture/Seating/FFK_Bench_02_01.prefab
  artifactKey: Guid(438b2b853b5df64439b72f92ac4fb750) Importer(815301076,1909f56bfc062723c751e8b465ee728b)
Start importing Assets/Asset/Brick Project Studio/Fast Food Restaurant Kit/_Prefabs/Furniture/Seating/FFK_Bench_02_01.prefab using Guid(438b2b853b5df64439b72f92ac4fb750) Importer(815301076,1909f56bfc062723c751e8b465ee728b)  -> (artifact id: '82b49bffbdeed6350d7b93a78bb0fa69') in 0.048629 seconds 
========================================================================
Received Import Request.
  Time since last request: 0.000029 seconds.
  path: Assets/Asset/Brick Project Studio/Fast Food Restaurant Kit/_Prefabs/Furniture/Seating/FFK_Stool_03_01.prefab
  artifactKey: Guid(3e30d69eae4e65745ba7f921b034d1e8) Importer(815301076,1909f56bfc062723c751e8b465ee728b)
Start importing Assets/Asset/Brick Project Studio/Fast Food Restaurant Kit/_Prefabs/Furniture/Seating/FFK_Stool_03_01.prefab using Guid(3e30d69eae4e65745ba7f921b034d1e8) Importer(815301076,1909f56bfc062723c751e8b465ee728b)  -> (artifact id: '405e057d6cb1196ce3d0a35ff5cbef7a') in 0.062542 seconds 
========================================================================
Received Import Request.
  Time since last request: 0.000027 seconds.
  path: Assets/Asset/Brick Project Studio/Fast Food Restaurant Kit/_Prefabs/Furniture/Seating/FFK_Stool_02_01.prefab
  artifactKey: Guid(46ff4ab664fcb354db17f4c1f46ef600) Importer(815301076,1909f56bfc062723c751e8b465ee728b)
Start importing Assets/Asset/Brick Project Studio/Fast Food Restaurant Kit/_Prefabs/Furniture/Seating/FFK_Stool_02_01.prefab using Guid(46ff4ab664fcb354db17f4c1f46ef600) Importer(815301076,1909f56bfc062723c751e8b465ee728b)  -> (artifact id: '4de83c1d4efa29fbb9d258fce5bce97d') in 0.062167 seconds 
========================================================================
Received Import Request.
  Time since last request: 0.000023 seconds.
  path: Assets/Asset/Brick Project Studio/Fast Food Restaurant Kit/_Prefabs/Furniture/Seating/FFK_Stool_01_02.prefab
  artifactKey: Guid(9c9cdb25d1496bc4283140ff5290d4f2) Importer(815301076,1909f56bfc062723c751e8b465ee728b)
Start importing Assets/Asset/Brick Project Studio/Fast Food Restaurant Kit/_Prefabs/Furniture/Seating/FFK_Stool_01_02.prefab using Guid(9c9cdb25d1496bc4283140ff5290d4f2) Importer(815301076,1909f56bfc062723c751e8b465ee728b)  -> (artifact id: '66151cd095e9ac8ca0acd64c1b35c636') in 0.036523 seconds 
========================================================================
Received Import Request.
  Time since last request: 0.000018 seconds.
  path: Assets/Asset/Brick Project Studio/Fast Food Restaurant Kit/_Prefabs/Furniture/Seating/FFK_Stool_03_02.prefab
  artifactKey: Guid(4bb2a81fa1ac56b4a9a5c0aee917bd48) Importer(815301076,1909f56bfc062723c751e8b465ee728b)
Start importing Assets/Asset/Brick Project Studio/Fast Food Restaurant Kit/_Prefabs/Furniture/Seating/FFK_Stool_03_02.prefab using Guid(4bb2a81fa1ac56b4a9a5c0aee917bd48) Importer(815301076,1909f56bfc062723c751e8b465ee728b)  -> (artifact id: '99443414406da50924cfa1304aed4d13') in 0.051231 seconds 
========================================================================
Received Import Request.
  Time since last request: 0.000030 seconds.
  path: Assets/Asset/Brick Project Studio/Fast Food Restaurant Kit/_Prefabs/Furniture/Seating/FFK_Stool_02_02.prefab
  artifactKey: Guid(bd6afbd0ba4210249ae73eb0f02c8018) Importer(815301076,1909f56bfc062723c751e8b465ee728b)
Start importing Assets/Asset/Brick Project Studio/Fast Food Restaurant Kit/_Prefabs/Furniture/Seating/FFK_Stool_02_02.prefab using Guid(bd6afbd0ba4210249ae73eb0f02c8018) Importer(815301076,1909f56bfc062723c751e8b465ee728b)  -> (artifact id: '2fdd29883fe3bd077f876522f851bb3e') in 0.019584 seconds 
========================================================================
Received Import Request.
  Time since last request: 0.000025 seconds.
  path: Assets/Asset/Brick Project Studio/Fast Food Restaurant Kit/_Prefabs/Furniture/Seating/FFK_Bench_03_01.prefab
  artifactKey: Guid(5e1114030e00aa0488f5f5826ba2f1a2) Importer(815301076,1909f56bfc062723c751e8b465ee728b)
Start importing Assets/Asset/Brick Project Studio/Fast Food Restaurant Kit/_Prefabs/Furniture/Seating/FFK_Bench_03_01.prefab using Guid(5e1114030e00aa0488f5f5826ba2f1a2) Importer(815301076,1909f56bfc062723c751e8b465ee728b)  -> (artifact id: 'ef6a2ceaf47aa3c0b664212f62afe47c') in 0.049037 seconds 
========================================================================
Received Import Request.
  Time since last request: 5.531907 seconds.
  path: Assets/Asset/Brick Project Studio/Fast Food Restaurant Kit/_Prefabs/Furniture/Misc/FFK_TrashBin_01_01.prefab
  artifactKey: Guid(94b0b1569fa2f664daefecf0f4768ab3) Importer(815301076,1909f56bfc062723c751e8b465ee728b)
Start importing Assets/Asset/Brick Project Studio/Fast Food Restaurant Kit/_Prefabs/Furniture/Misc/FFK_TrashBin_01_01.prefab using Guid(94b0b1569fa2f664daefecf0f4768ab3) Importer(815301076,1909f56bfc062723c751e8b465ee728b)  -> (artifact id: '73169df755d2bf6f7bbe3ad2d7597b64') in 0.023887 seconds 
========================================================================
Received Import Request.
  Time since last request: 88.274961 seconds.
  path: Assets/Asset/Brick Project Studio/Fast Food Restaurant Kit/Common/Textures/Burger_01_N.png
  artifactKey: Guid(a89c9f2306153714e8ba35918fb1584d) Importer(815301076,1909f56bfc062723c751e8b465ee728b)
Start importing Assets/Asset/Brick Project Studio/Fast Food Restaurant Kit/Common/Textures/Burger_01_N.png using Guid(a89c9f2306153714e8ba35918fb1584d) Importer(815301076,1909f56bfc062723c751e8b465ee728b)  -> (artifact id: '87bab5d43455605b184ad18d157aebe0') in 0.080093 seconds 
========================================================================
Received Import Request.
  Time since last request: 0.000021 seconds.
  path: Assets/Asset/Brick Project Studio/Fast Food Restaurant Kit/Common/Textures/FFK_CC Screen.png
  artifactKey: Guid(b152b4f7c7b20414e9b805298413b005) Importer(815301076,1909f56bfc062723c751e8b465ee728b)
Start importing Assets/Asset/Brick Project Studio/Fast Food Restaurant Kit/Common/Textures/FFK_CC Screen.png using Guid(b152b4f7c7b20414e9b805298413b005) Importer(815301076,1909f56bfc062723c751e8b465ee728b)  -> (artifact id: '4404ddbb3dfeae74bb6d55f48283a08c') in 0.024780 seconds 
========================================================================
Received Import Request.
  Time since last request: 0.000024 seconds.
  path: Assets/Asset/Brick Project Studio/Fast Food Restaurant Kit/Common/Textures/FFK_POS_Display_01.png
  artifactKey: Guid(6693036c68a47e34e80f4a71f23e3096) Importer(815301076,1909f56bfc062723c751e8b465ee728b)
Start importing Assets/Asset/Brick Project Studio/Fast Food Restaurant Kit/Common/Textures/FFK_POS_Display_01.png using Guid(6693036c68a47e34e80f4a71f23e3096) Importer(815301076,1909f56bfc062723c751e8b465ee728b)  -> (artifact id: '1483db76ed0b36d73f22366eb95a54ff') in 0.022011 seconds 
========================================================================
Received Import Request.
  Time since last request: 0.000024 seconds.
  path: Assets/Asset/Brick Project Studio/Fast Food Restaurant Kit/Common/Textures/FFK_Wood_01_N.png
  artifactKey: Guid(0fc735b993adf4d41a1715cf5a12926d) Importer(815301076,1909f56bfc062723c751e8b465ee728b)
Start importing Assets/Asset/Brick Project Studio/Fast Food Restaurant Kit/Common/Textures/FFK_Wood_01_N.png using Guid(0fc735b993adf4d41a1715cf5a12926d) Importer(815301076,1909f56bfc062723c751e8b465ee728b)  -> (artifact id: 'c06dd2ece86da0da7e97bc5a680c984d') in 0.017660 seconds 
========================================================================
Received Import Request.
  Time since last request: 0.000027 seconds.
  path: Assets/Asset/Brick Project Studio/Fast Food Restaurant Kit/Common/Textures/FFK_ButtonPress.png
  artifactKey: Guid(3baabfbd4444c2b43b3133193fd24d40) Importer(815301076,1909f56bfc062723c751e8b465ee728b)
Start importing Assets/Asset/Brick Project Studio/Fast Food Restaurant Kit/Common/Textures/FFK_ButtonPress.png using Guid(3baabfbd4444c2b43b3133193fd24d40) Importer(815301076,1909f56bfc062723c751e8b465ee728b)  -> (artifact id: 'd8831e780d4f6a6e23c468788fc50876') in 0.019251 seconds 
========================================================================
Received Import Request.
  Time since last request: 0.000022 seconds.
  path: Assets/Asset/Brick Project Studio/Fast Food Restaurant Kit/Common/Textures/DrinkLid_01_A.png
  artifactKey: Guid(9176201804a27664a8e5ec725e5c0527) Importer(815301076,1909f56bfc062723c751e8b465ee728b)
Start importing Assets/Asset/Brick Project Studio/Fast Food Restaurant Kit/Common/Textures/DrinkLid_01_A.png using Guid(9176201804a27664a8e5ec725e5c0527) Importer(815301076,1909f56bfc062723c751e8b465ee728b)  -> (artifact id: '7f61811914e16ffedf6e2c2ace3160eb') in 0.019428 seconds 
========================================================================
Received Import Request.
  Time since last request: 0.000029 seconds.
  path: Assets/Asset/Brick Project Studio/Fast Food Restaurant Kit/Common/Textures/FFK_leather_N.png
  artifactKey: Guid(44ec651f3bd017f46b847e17aabd2d59) Importer(815301076,1909f56bfc062723c751e8b465ee728b)
Start importing Assets/Asset/Brick Project Studio/Fast Food Restaurant Kit/Common/Textures/FFK_leather_N.png using Guid(44ec651f3bd017f46b847e17aabd2d59) Importer(815301076,1909f56bfc062723c751e8b465ee728b)  -> (artifact id: '2696d26aa4eab13339f398622dacc50e') in 0.019177 seconds 
========================================================================
Received Import Request.
  Time since last request: 0.000033 seconds.
  path: Assets/Asset/Brick Project Studio/Fast Food Restaurant Kit/Common/Textures/FFK_Stone_01_N.png
  artifactKey: Guid(d0f5751404e0ad44ebdb7b78d7ada947) Importer(815301076,1909f56bfc062723c751e8b465ee728b)
Start importing Assets/Asset/Brick Project Studio/Fast Food Restaurant Kit/Common/Textures/FFK_Stone_01_N.png using Guid(d0f5751404e0ad44ebdb7b78d7ada947) Importer(815301076,1909f56bfc062723c751e8b465ee728b)  -> (artifact id: 'c49cfba9c53270d83a2343d801686d1d') in 0.020529 seconds 
========================================================================
Received Import Request.
  Time since last request: 0.000025 seconds.
  path: Assets/Asset/Brick Project Studio/Fast Food Restaurant Kit/Common/Textures/FFK_LampGrate_N.png
  artifactKey: Guid(3e7c5da5705f8914781f77218da8d02d) Importer(815301076,1909f56bfc062723c751e8b465ee728b)
Start importing Assets/Asset/Brick Project Studio/Fast Food Restaurant Kit/Common/Textures/FFK_LampGrate_N.png using Guid(3e7c5da5705f8914781f77218da8d02d) Importer(815301076,1909f56bfc062723c751e8b465ee728b)  -> (artifact id: '6cde950ab3b4ea8d103b289fef3fdf60') in 0.022628 seconds 
========================================================================
Received Import Request.
  Time since last request: 0.000026 seconds.
  path: Assets/Asset/Brick Project Studio/Fast Food Restaurant Kit/Common/Textures/FFK_fonebevel.png
  artifactKey: Guid(44b3938fe3b038b4abdeedb29d7af8ad) Importer(815301076,1909f56bfc062723c751e8b465ee728b)
Start importing Assets/Asset/Brick Project Studio/Fast Food Restaurant Kit/Common/Textures/FFK_fonebevel.png using Guid(44b3938fe3b038b4abdeedb29d7af8ad) Importer(815301076,1909f56bfc062723c751e8b465ee728b)  -> (artifact id: 'ebbbb663c34763585a6114b63358c5aa') in 0.023533 seconds 
========================================================================
Received Import Request.
  Time since last request: 0.000023 seconds.
  path: Assets/Asset/Brick Project Studio/Fast Food Restaurant Kit/Common/Textures/FFK_DrinkIcon.png
  artifactKey: Guid(38781c420bfc76b4694b7017c246d302) Importer(815301076,1909f56bfc062723c751e8b465ee728b)
Start importing Assets/Asset/Brick Project Studio/Fast Food Restaurant Kit/Common/Textures/FFK_DrinkIcon.png using Guid(38781c420bfc76b4694b7017c246d302) Importer(815301076,1909f56bfc062723c751e8b465ee728b)  -> (artifact id: 'f0502fb0e198ba04c1891d0c3ca00412') in 0.020156 seconds 
========================================================================
Received Import Request.
  Time since last request: 0.000020 seconds.
  path: Assets/Asset/Brick Project Studio/Fast Food Restaurant Kit/Common/Textures/INT_FFK_01_N.png
  artifactKey: Guid(46cb7cfa9933cae47a42b73eb1b0add0) Importer(815301076,1909f56bfc062723c751e8b465ee728b)
Start importing Assets/Asset/Brick Project Studio/Fast Food Restaurant Kit/Common/Textures/INT_FFK_01_N.png using Guid(46cb7cfa9933cae47a42b73eb1b0add0) Importer(815301076,1909f56bfc062723c751e8b465ee728b)  -> (artifact id: 'a6e9d11757e40c4cdcfac2f355697039') in 0.015461 seconds 
========================================================================
Received Import Request.
  Time since last request: 0.000024 seconds.
  path: Assets/Asset/Brick Project Studio/Fast Food Restaurant Kit/Common/Textures/FFK_Wood_01_A.png
  artifactKey: Guid(9b833ce57f9eb304bbf2906d6d2923ec) Importer(815301076,1909f56bfc062723c751e8b465ee728b)
Start importing Assets/Asset/Brick Project Studio/Fast Food Restaurant Kit/Common/Textures/FFK_Wood_01_A.png using Guid(9b833ce57f9eb304bbf2906d6d2923ec) Importer(815301076,1909f56bfc062723c751e8b465ee728b)  -> (artifact id: '1d8e93998eb34b717c14fd5057774573') in 0.015072 seconds 
========================================================================
Received Import Request.
  Time since last request: 0.000025 seconds.
  path: Assets/Asset/Brick Project Studio/Fast Food Restaurant Kit/Common/Textures/FFK_RoughMetal_01_A.png
  artifactKey: Guid(9693cf230503f694ea72fbf70b0940a0) Importer(815301076,1909f56bfc062723c751e8b465ee728b)
Start importing Assets/Asset/Brick Project Studio/Fast Food Restaurant Kit/Common/Textures/FFK_RoughMetal_01_A.png using Guid(9693cf230503f694ea72fbf70b0940a0) Importer(815301076,1909f56bfc062723c751e8b465ee728b)  -> (artifact id: 'cba697b3ac0bcb7cb9ebb0ec4c50d01f') in 0.015803 seconds 
========================================================================
Received Import Request.
  Time since last request: 0.000032 seconds.
  path: Assets/Asset/Brick Project Studio/Fast Food Restaurant Kit/Common/Textures/Tray_01_N.png
  artifactKey: Guid(3882e4dd404eddd418f606eaac8fa225) Importer(815301076,1909f56bfc062723c751e8b465ee728b)
Start importing Assets/Asset/Brick Project Studio/Fast Food Restaurant Kit/Common/Textures/Tray_01_N.png using Guid(3882e4dd404eddd418f606eaac8fa225) Importer(815301076,1909f56bfc062723c751e8b465ee728b)  -> (artifact id: '95340819397ddf02fe067719db4829ad') in 0.022637 seconds 
========================================================================
Received Import Request.
  Time since last request: 0.000023 seconds.
  path: Assets/Asset/Brick Project Studio/Fast Food Restaurant Kit/Common/Textures/FFK_leather_A.png
  artifactKey: Guid(6a63d072d6341a543b7e6f7e5a6752d1) Importer(815301076,1909f56bfc062723c751e8b465ee728b)
Start importing Assets/Asset/Brick Project Studio/Fast Food Restaurant Kit/Common/Textures/FFK_leather_A.png using Guid(6a63d072d6341a543b7e6f7e5a6752d1) Importer(815301076,1909f56bfc062723c751e8b465ee728b)  -> (artifact id: 'f4260a6e2dce46d77cb41aa857fffea1') in 0.019022 seconds 
========================================================================
Received Import Request.
  Time since last request: 0.000037 seconds.
  path: Assets/Asset/Brick Project Studio/Fast Food Restaurant Kit/Common/Textures/FFK_RoughMetal_01_O.png
  artifactKey: Guid(0f48cf075688396448797ffaf74c5066) Importer(815301076,1909f56bfc062723c751e8b465ee728b)
Start importing Assets/Asset/Brick Project Studio/Fast Food Restaurant Kit/Common/Textures/FFK_RoughMetal_01_O.png using Guid(0f48cf075688396448797ffaf74c5066) Importer(815301076,1909f56bfc062723c751e8b465ee728b)  -> (artifact id: '4637858cef8b864feb5e6aaf664759d6') in 0.015142 seconds 
========================================================================
Received Import Request.
  Time since last request: 0.000038 seconds.
  path: Assets/Asset/Brick Project Studio/Fast Food Restaurant Kit/Common/Textures/FFK_MR.RightFountain.png
  artifactKey: Guid(aebcfa4bb00f1594c94673e73cea77a4) Importer(815301076,1909f56bfc062723c751e8b465ee728b)
Start importing Assets/Asset/Brick Project Studio/Fast Food Restaurant Kit/Common/Textures/FFK_MR.RightFountain.png using Guid(aebcfa4bb00f1594c94673e73cea77a4) Importer(815301076,1909f56bfc062723c751e8b465ee728b)  -> (artifact id: 'dc3cc964415d67c9ca3644d9ec45995e') in 0.020377 seconds 
========================================================================
Received Import Request.
  Time since last request: 0.000022 seconds.
  path: Assets/Asset/Brick Project Studio/Fast Food Restaurant Kit/Common/Textures/TrayLiner_01_A.png
  artifactKey: Guid(47aa7f6b9d3f632488f72931fa0cf567) Importer(815301076,1909f56bfc062723c751e8b465ee728b)
Start importing Assets/Asset/Brick Project Studio/Fast Food Restaurant Kit/Common/Textures/TrayLiner_01_A.png using Guid(47aa7f6b9d3f632488f72931fa0cf567) Importer(815301076,1909f56bfc062723c751e8b465ee728b)  -> (artifact id: 'a7486fe4fe5b3003e8eda1f8e917c94f') in 0.022238 seconds 
========================================================================
Received Import Request.
  Time since last request: 0.000024 seconds.
  path: Assets/Asset/Brick Project Studio/Fast Food Restaurant Kit/Common/Textures/FFK_Stone_01_A.png
  artifactKey: Guid(485bdbf30e51be14ab9b52129ebfe4d6) Importer(815301076,1909f56bfc062723c751e8b465ee728b)
Start importing Assets/Asset/Brick Project Studio/Fast Food Restaurant Kit/Common/Textures/FFK_Stone_01_A.png using Guid(485bdbf30e51be14ab9b52129ebfe4d6) Importer(815301076,1909f56bfc062723c751e8b465ee728b)  -> (artifact id: '74b7c6dbc9bcd8e15c941cf8c1810ea9') in 0.021580 seconds 
========================================================================
Received Import Request.
  Time since last request: 0.000029 seconds.
  path: Assets/Asset/Brick Project Studio/Fast Food Restaurant Kit/Common/Textures/FFK_Kiosk screen.png
  artifactKey: Guid(6d1adc68a39faca41a74c7f1348b077a) Importer(815301076,1909f56bfc062723c751e8b465ee728b)
Start importing Assets/Asset/Brick Project Studio/Fast Food Restaurant Kit/Common/Textures/FFK_Kiosk screen.png using Guid(6d1adc68a39faca41a74c7f1348b077a) Importer(815301076,1909f56bfc062723c751e8b465ee728b)  -> (artifact id: 'bb3adabe78edf4ff4831d7faaa4b0cdd') in 0.022175 seconds 
========================================================================
Received Import Request.
  Time since last request: 1.651123 seconds.
  path: Assets/Asset/Brick Project Studio/Fast Food Restaurant Kit/Common/Materials/Carton_Burger_01.mat
  artifactKey: Guid(f74fcd32b5747ea47864481461c17d47) Importer(815301076,1909f56bfc062723c751e8b465ee728b)
Start importing Assets/Asset/Brick Project Studio/Fast Food Restaurant Kit/Common/Materials/Carton_Burger_01.mat using Guid(f74fcd32b5747ea47864481461c17d47) Importer(815301076,1909f56bfc062723c751e8b465ee728b)  -> (artifact id: 'd78fe6a2136e57a386b0b643600a443d') in 0.029786 seconds 
========================================================================
Received Import Request.
  Time since last request: 0.000020 seconds.
  path: Assets/Asset/Brick Project Studio/Fast Food Restaurant Kit/Common/Materials/Drink_01.mat
  artifactKey: Guid(5f92f11ac64d9194c812a7ffc17d8c80) Importer(815301076,1909f56bfc062723c751e8b465ee728b)
Start importing Assets/Asset/Brick Project Studio/Fast Food Restaurant Kit/Common/Materials/Drink_01.mat using Guid(5f92f11ac64d9194c812a7ffc17d8c80) Importer(815301076,1909f56bfc062723c751e8b465ee728b)  -> (artifact id: 'ab92a9b57bc00372a4a0e1b5ab24f9ad') in 0.014178 seconds 
========================================================================
Received Import Request.
  Time since last request: 0.000017 seconds.
  path: Assets/Asset/Brick Project Studio/Fast Food Restaurant Kit/Common/Materials/Int_FFK_01.mat
  artifactKey: Guid(9a7be5c70324c204187174ec739b2681) Importer(815301076,1909f56bfc062723c751e8b465ee728b)
Start importing Assets/Asset/Brick Project Studio/Fast Food Restaurant Kit/Common/Materials/Int_FFK_01.mat using Guid(9a7be5c70324c204187174ec739b2681) Importer(815301076,1909f56bfc062723c751e8b465ee728b)  -> (artifact id: 'b0007cd59179d9f2220b6e2909523be9') in 0.017000 seconds 
========================================================================
Received Import Request.
  Time since last request: 0.000017 seconds.
  path: Assets/Asset/Brick Project Studio/Fast Food Restaurant Kit/Common/Materials/Dip_01.mat
  artifactKey: Guid(ad2b69237ac6036429a3427943d978c5) Importer(815301076,1909f56bfc062723c751e8b465ee728b)
Start importing Assets/Asset/Brick Project Studio/Fast Food Restaurant Kit/Common/Materials/Dip_01.mat using Guid(ad2b69237ac6036429a3427943d978c5) Importer(815301076,1909f56bfc062723c751e8b465ee728b)  -> (artifact id: '527f3627e29337675c6faa0912b64d75') in 0.013008 seconds 
========================================================================
Received Import Request.
  Time since last request: 0.000026 seconds.
  path: Assets/Asset/Brick Project Studio/Fast Food Restaurant Kit/Common/Materials/Tray_01.mat
  artifactKey: Guid(5ad03d2fc2ef5944f91214e27543a8ac) Importer(815301076,1909f56bfc062723c751e8b465ee728b)
Start importing Assets/Asset/Brick Project Studio/Fast Food Restaurant Kit/Common/Materials/Tray_01.mat using Guid(5ad03d2fc2ef5944f91214e27543a8ac) Importer(815301076,1909f56bfc062723c751e8b465ee728b)  -> (artifact id: 'b3a6a7ea4d82dccf399af38365e60351') in 0.012940 seconds 
========================================================================
Received Import Request.
  Time since last request: 0.000026 seconds.
  path: Assets/Asset/Brick Project Studio/Fast Food Restaurant Kit/Common/Materials/Carton_Fries_01.mat
  artifactKey: Guid(ce86f78e396e61e40b27785cc5a86af5) Importer(815301076,1909f56bfc062723c751e8b465ee728b)
Start importing Assets/Asset/Brick Project Studio/Fast Food Restaurant Kit/Common/Materials/Carton_Fries_01.mat using Guid(ce86f78e396e61e40b27785cc5a86af5) Importer(815301076,1909f56bfc062723c751e8b465ee728b)  -> (artifact id: '678e13c94efc39b4920526bcf8c64e02') in 0.013556 seconds 
========================================================================
Received Import Request.
  Time since last request: 0.000018 seconds.
  path: Assets/Asset/Brick Project Studio/Fast Food Restaurant Kit/Common/Materials/FFK_Wood_01.mat
  artifactKey: Guid(a27fe7f6d7e0c214b85d14c14dff9cc5) Importer(815301076,1909f56bfc062723c751e8b465ee728b)
Start importing Assets/Asset/Brick Project Studio/Fast Food Restaurant Kit/Common/Materials/FFK_Wood_01.mat using Guid(a27fe7f6d7e0c214b85d14c14dff9cc5) Importer(815301076,1909f56bfc062723c751e8b465ee728b)  -> (artifact id: '429291a16331586b11eff746b4a07283') in 0.014418 seconds 
========================================================================
Received Import Request.
  Time since last request: 0.000018 seconds.
  path: Assets/Asset/Brick Project Studio/Fast Food Restaurant Kit/Common/Materials/FF_Sign_01.mat
  artifactKey: Guid(af45c5489095d274d8d3c7930806ba10) Importer(815301076,1909f56bfc062723c751e8b465ee728b)
Start importing Assets/Asset/Brick Project Studio/Fast Food Restaurant Kit/Common/Materials/FF_Sign_01.mat using Guid(af45c5489095d274d8d3c7930806ba10) Importer(815301076,1909f56bfc062723c751e8b465ee728b)  -> (artifact id: 'c72115d0841b575852b8b36f1d37f443') in 0.015656 seconds 
========================================================================
Received Import Request.
  Time since last request: 0.000026 seconds.
  path: Assets/Asset/Brick Project Studio/Fast Food Restaurant Kit/Common/Materials/TrayLiner_01.mat
  artifactKey: Guid(9ac8dc4089fc14c4e869eb587b918553) Importer(815301076,1909f56bfc062723c751e8b465ee728b)
Start importing Assets/Asset/Brick Project Studio/Fast Food Restaurant Kit/Common/Materials/TrayLiner_01.mat using Guid(9ac8dc4089fc14c4e869eb587b918553) Importer(815301076,1909f56bfc062723c751e8b465ee728b)  -> (artifact id: 'dc88b7762bb4ead63535792e1fff26e7') in 0.013955 seconds 
========================================================================
Received Import Request.
  Time since last request: 0.000020 seconds.
  path: Assets/Asset/Brick Project Studio/Fast Food Restaurant Kit/Common/Materials/FFK_WallPaper_01.mat
  artifactKey: Guid(aec14ca82d792104a97d4f00d861a9ef) Importer(815301076,1909f56bfc062723c751e8b465ee728b)
Start importing Assets/Asset/Brick Project Studio/Fast Food Restaurant Kit/Common/Materials/FFK_WallPaper_01.mat using Guid(aec14ca82d792104a97d4f00d861a9ef) Importer(815301076,1909f56bfc062723c751e8b465ee728b)  -> (artifact id: 'b555feefcdb5e4c6b200d424221ef237') in 0.015083 seconds 
========================================================================
Received Import Request.
  Time since last request: 0.000025 seconds.
  path: Assets/Asset/Brick Project Studio/Fast Food Restaurant Kit/Common/Materials/FFK_CC_Bevel.mat
  artifactKey: Guid(c766c4c14ccde8441a12e1e68f21e592) Importer(815301076,1909f56bfc062723c751e8b465ee728b)
Start importing Assets/Asset/Brick Project Studio/Fast Food Restaurant Kit/Common/Materials/FFK_CC_Bevel.mat using Guid(c766c4c14ccde8441a12e1e68f21e592) Importer(815301076,1909f56bfc062723c751e8b465ee728b)  -> (artifact id: 'f6a2466b306240d96a1d3bdb43c2f4f1') in 0.014822 seconds 
========================================================================
Received Import Request.
  Time since last request: 0.000026 seconds.
  path: Assets/Asset/Brick Project Studio/Fast Food Restaurant Kit/Common/Materials/FFK_FD_Icons.mat
  artifactKey: Guid(a629163cbacbfb84aba9b6e29b32ad06) Importer(815301076,1909f56bfc062723c751e8b465ee728b)
Start importing Assets/Asset/Brick Project Studio/Fast Food Restaurant Kit/Common/Materials/FFK_FD_Icons.mat using Guid(a629163cbacbfb84aba9b6e29b32ad06) Importer(815301076,1909f56bfc062723c751e8b465ee728b)  -> (artifact id: 'd32cf2a0536cf2910c1682a5fd0df7aa') in 0.015338 seconds 
========================================================================
Received Import Request.
  Time since last request: 0.000023 seconds.
  path: Assets/Asset/Brick Project Studio/Fast Food Restaurant Kit/Common/Materials/FFK_Kiosk_Light.mat
  artifactKey: Guid(6d2d32ee5127de94dbf5ec0c71160192) Importer(815301076,1909f56bfc062723c751e8b465ee728b)
Start importing Assets/Asset/Brick Project Studio/Fast Food Restaurant Kit/Common/Materials/FFK_Kiosk_Light.mat using Guid(6d2d32ee5127de94dbf5ec0c71160192) Importer(815301076,1909f56bfc062723c751e8b465ee728b)  -> (artifact id: '24a6b1292b54167449fc4cdff6231c28') in 0.027496 seconds 
========================================================================
Received Import Request.
  Time since last request: 0.000020 seconds.
  path: Assets/Asset/Brick Project Studio/Fast Food Restaurant Kit/Common/Materials/DrinkLid_01.mat
  artifactKey: Guid(72e4c334b67b8ba4bb20722826d15572) Importer(815301076,1909f56bfc062723c751e8b465ee728b)
Start importing Assets/Asset/Brick Project Studio/Fast Food Restaurant Kit/Common/Materials/DrinkLid_01.mat using Guid(72e4c334b67b8ba4bb20722826d15572) Importer(815301076,1909f56bfc062723c751e8b465ee728b)  -> (artifact id: '4dda0b3543fb6a67fa833dc88ee740c1') in 0.142997 seconds 
========================================================================
Received Import Request.
  Time since last request: 0.000030 seconds.
  path: Assets/Asset/Brick Project Studio/Fast Food Restaurant Kit/Common/Materials/FFK_LampGrate.mat
  artifactKey: Guid(e5006f303ab2c1b4e8d1a29a3f9f2363) Importer(815301076,1909f56bfc062723c751e8b465ee728b)
Start importing Assets/Asset/Brick Project Studio/Fast Food Restaurant Kit/Common/Materials/FFK_LampGrate.mat using Guid(e5006f303ab2c1b4e8d1a29a3f9f2363) Importer(815301076,1909f56bfc062723c751e8b465ee728b)  -> (artifact id: '3e6c7384928ebab62115a6a4cfe73aed') in 0.058481 seconds 
========================================================================
Received Import Request.
  Time since last request: 3.532214 seconds.
  path: Assets/Asset/Brick Project Studio/Fast Food Restaurant Kit/Common/Models/FF_Sign_01.fbx
  artifactKey: Guid(2691b355dc36f6f4abf6a5caa3d0165b) Importer(815301076,1909f56bfc062723c751e8b465ee728b)
Start importing Assets/Asset/Brick Project Studio/Fast Food Restaurant Kit/Common/Models/FF_Sign_01.fbx using Guid(2691b355dc36f6f4abf6a5caa3d0165b) Importer(815301076,1909f56bfc062723c751e8b465ee728b)  -> (artifact id: 'c283e3792b3bd6cf2fa15ee835566fbf') in 0.035360 seconds 
========================================================================
Received Import Request.
  Time since last request: 7.364552 seconds.
  path: Assets/Asset/Brick Project Studio/Fast Food Restaurant Kit/_Prefabs/Props/Food/Big Burger_01_Empty.prefab
  artifactKey: Guid(440b75fd42ecb5f41b94162dfa6b7593) Importer(815301076,1909f56bfc062723c751e8b465ee728b)
Start importing Assets/Asset/Brick Project Studio/Fast Food Restaurant Kit/_Prefabs/Props/Food/Big Burger_01_Empty.prefab using Guid(440b75fd42ecb5f41b94162dfa6b7593) Importer(815301076,1909f56bfc062723c751e8b465ee728b)  -> (artifact id: '6367895d1fa01549209c5dbef550693e') in 0.014080 seconds 
========================================================================
Received Import Request.
  Time since last request: 0.000021 seconds.
  path: Assets/Asset/Brick Project Studio/Fast Food Restaurant Kit/_Prefabs/Props/Food/Nugget_04.prefab
  artifactKey: Guid(8c192caf4df5a4c4ba9847a271ecc28a) Importer(815301076,1909f56bfc062723c751e8b465ee728b)
Start importing Assets/Asset/Brick Project Studio/Fast Food Restaurant Kit/_Prefabs/Props/Food/Nugget_04.prefab using Guid(8c192caf4df5a4c4ba9847a271ecc28a) Importer(815301076,1909f56bfc062723c751e8b465ee728b)  -> (artifact id: '9a7eb29051fc9809ce319f0a2e7e284f') in 0.015855 seconds 
========================================================================
Received Import Request.
  Time since last request: 0.000030 seconds.
  path: Assets/Asset/Brick Project Studio/Fast Food Restaurant Kit/_Prefabs/Props/Food/Fries Box_01_Empty.prefab
  artifactKey: Guid(84ee3b7292548af4692e417d58c7d8cf) Importer(815301076,1909f56bfc062723c751e8b465ee728b)
Start importing Assets/Asset/Brick Project Studio/Fast Food Restaurant Kit/_Prefabs/Props/Food/Fries Box_01_Empty.prefab using Guid(84ee3b7292548af4692e417d58c7d8cf) Importer(815301076,1909f56bfc062723c751e8b465ee728b)  -> (artifact id: 'e9a2691ee77b35f2b06f729c2bdce002') in 0.014288 seconds 
========================================================================
Received Import Request.
  Time since last request: 0.000027 seconds.
  path: Assets/Asset/Brick Project Studio/Fast Food Restaurant Kit/_Prefabs/Props/Food/Big Nuggets_01_Empty.prefab
  artifactKey: Guid(385bf342703bbee4c8f32c938156e8d4) Importer(815301076,1909f56bfc062723c751e8b465ee728b)
Start importing Assets/Asset/Brick Project Studio/Fast Food Restaurant Kit/_Prefabs/Props/Food/Big Nuggets_01_Empty.prefab using Guid(385bf342703bbee4c8f32c938156e8d4) Importer(815301076,1909f56bfc062723c751e8b465ee728b)  -> (artifact id: '22125771a9f1d949c5d4d99c6f2f78a9') in 0.018488 seconds 
========================================================================
Received Import Request.
  Time since last request: 0.000043 seconds.
  path: Assets/Asset/Brick Project Studio/Fast Food Restaurant Kit/_Prefabs/Props/Food/Nugget_06.prefab
  artifactKey: Guid(6b923db1b9e141349adbc759414faed6) Importer(815301076,1909f56bfc062723c751e8b465ee728b)
Start importing Assets/Asset/Brick Project Studio/Fast Food Restaurant Kit/_Prefabs/Props/Food/Nugget_06.prefab using Guid(6b923db1b9e141349adbc759414faed6) Importer(815301076,1909f56bfc062723c751e8b465ee728b)  -> (artifact id: '44ccdcf3c430275f626438a68feae296') in 0.015837 seconds 
========================================================================
Received Import Request.
  Time since last request: 0.000028 seconds.
  path: Assets/Asset/Brick Project Studio/Fast Food Restaurant Kit/_Prefabs/Props/Food/Nugget_02.prefab
  artifactKey: Guid(a87fc52c6ca0854438ce7218986b6f01) Importer(815301076,1909f56bfc062723c751e8b465ee728b)
Start importing Assets/Asset/Brick Project Studio/Fast Food Restaurant Kit/_Prefabs/Props/Food/Nugget_02.prefab using Guid(a87fc52c6ca0854438ce7218986b6f01) Importer(815301076,1909f56bfc062723c751e8b465ee728b)  -> (artifact id: '368c5977254b89dd9b1d578914013752') in 0.015083 seconds 
========================================================================
Received Import Request.
  Time since last request: 2.803742 seconds.
  path: Assets/Asset/Brick Project Studio/Fast Food Restaurant Kit/_Prefabs/Props/Misc/FFK_Display_01_01.prefab
  artifactKey: Guid(3ce60c1a67d0c1943bb31f0d9720a665) Importer(815301076,1909f56bfc062723c751e8b465ee728b)
Start importing Assets/Asset/Brick Project Studio/Fast Food Restaurant Kit/_Prefabs/Props/Misc/FFK_Display_01_01.prefab using Guid(3ce60c1a67d0c1943bb31f0d9720a665) Importer(815301076,1909f56bfc062723c751e8b465ee728b)  -> (artifact id: '7ade8b3f12cce05e1175e73c60a0ed3b') in 0.182362 seconds 
