Using pre-set license
Built from '2021.3/staging' branch; Version is '2021.3.16f1 (4016570cf34f) revision 4200023'; Using compiler version '192829333'; Build Type 'Release'
OS: 'Windows 11  (10.0.22631) 64bit Core' Language: 'zh' Physical Memory: 16236 MB
BatchMode: 1, IsHumanControllingUs: 0, StartBugReporterOnCrash: 0, Is64bit: 1, IsPro: 1

COMMAND LINE ARGUMENTS:
C:\Program Files\Unity\Hub\Editor\2021.3.16f1\Editor\Unity.exe
-adb2
-batchMode
-noUpm
-name
AssetImportWorker4
-projectPath
C:/Users/13741/Documents/cookinggame
-logFile
Logs/AssetImportWorker4.log
-srvPort
55403
Successfully changed project path to: C:/Users/13741/Documents/cookinggame
C:/Users/13741/Documents/cookinggame
[UnityMemory] Configuration Parameters - Can be set up in boot.config
    "memorysetup-bucket-allocator-granularity=16"
    "memorysetup-bucket-allocator-bucket-count=8"
    "memorysetup-bucket-allocator-block-size=33554432"
    "memorysetup-bucket-allocator-block-count=8"
    "memorysetup-main-allocator-block-size=16777216"
    "memorysetup-thread-allocator-block-size=16777216"
    "memorysetup-gfx-main-allocator-block-size=16777216"
    "memorysetup-gfx-thread-allocator-block-size=16777216"
    "memorysetup-cache-allocator-block-size=4194304"
    "memorysetup-typetree-allocator-block-size=2097152"
    "memorysetup-profiler-bucket-allocator-granularity=16"
    "memorysetup-profiler-bucket-allocator-bucket-count=8"
    "memorysetup-profiler-bucket-allocator-block-size=33554432"
    "memorysetup-profiler-bucket-allocator-block-count=8"
    "memorysetup-profiler-allocator-block-size=16777216"
    "memorysetup-profiler-editor-allocator-block-size=1048576"
    "memorysetup-temp-allocator-size-main=16777216"
    "memorysetup-job-temp-allocator-block-size=2097152"
    "memorysetup-job-temp-allocator-block-size-background=1048576"
    "memorysetup-job-temp-allocator-reduction-small-platforms=262144"
    "memorysetup-temp-allocator-size-background-worker=32768"
    "memorysetup-temp-allocator-size-job-worker=262144"
    "memorysetup-temp-allocator-size-preload-manager=33554432"
    "memorysetup-temp-allocator-size-nav-mesh-worker=65536"
    "memorysetup-temp-allocator-size-audio-worker=65536"
    "memorysetup-temp-allocator-size-cloud-worker=32768"
    "memorysetup-temp-allocator-size-gi-baking-worker=262144"
    "memorysetup-temp-allocator-size-gfx=262144"
Player connection [10768] Host "[IP] 10.110.216.167 [Port] 0 [Flags] 2 [Guid] 2748803768 [EditorId] 2748803768 [Version] 1048832 [Id] WindowsEditor(7,LAPTOP-BG0D3BFH) [Debug] 1 [PackageName] WindowsEditor [ProjectName] Editor" joined multi-casting on [225.0.0.222:54997]...

Player connection [10768] Host "[IP] 10.110.216.167 [Port] 0 [Flags] 2 [Guid] 2748803768 [EditorId] 2748803768 [Version] 1048832 [Id] WindowsEditor(7,LAPTOP-BG0D3BFH) [Debug] 1 [PackageName] WindowsEditor [ProjectName] Editor" joined alternative multi-casting on [225.0.0.222:34997]...

Refreshing native plugins compatible for Editor in 185.05 ms, found 3 plugins.
Preloading 0 native plugins for Editor in 0.00 ms.
Initialize engine version: 2021.3.16f1 (4016570cf34f)
[Subsystems] Discovering subsystems at path C:/Program Files/Unity/Hub/Editor/2021.3.16f1/Editor/Data/Resources/UnitySubsystems
[Subsystems] Discovering subsystems at path C:/Users/13741/Documents/cookinggame/Assets
GfxDevice: creating device client; threaded=0; jobified=0
Direct3D:
    Version:  Direct3D 11.0 [level 11.1]
    Renderer: NVIDIA GeForce RTX 3070 Laptop GPU (ID=0x24dd)
    Vendor:   NVIDIA
    VRAM:     8020 MB
    Driver:   32.0.15.6081
Initialize mono
Mono path[0] = 'C:/Program Files/Unity/Hub/Editor/2021.3.16f1/Editor/Data/Managed'
Mono path[1] = 'C:/Program Files/Unity/Hub/Editor/2021.3.16f1/Editor/Data/MonoBleedingEdge/lib/mono/unityjit-win32'
Mono config path = 'C:/Program Files/Unity/Hub/Editor/2021.3.16f1/Editor/Data/MonoBleedingEdge/etc'
Using monoOptions --debugger-agent=transport=dt_socket,embedding=1,server=y,suspend=n,address=127.0.0.1:56712
Begin MonoManager ReloadAssembly
Registering precompiled unity dll's ...
Register platform support module: C:/Program Files/Unity/Hub/Editor/2021.3.16f1/Editor/Data/PlaybackEngines/WindowsStandaloneSupport/UnityEditor.WindowsStandalone.Extensions.dll
Register platform support module: C:/Program Files/Unity/Hub/Editor/2021.3.16f1/Editor/Data/PlaybackEngines/MetroSupport/UnityEditor.UWP.Extensions.dll
Registered in 0.012125 seconds.
Native extension for UWP target not found
Native extension for WindowsStandalone target not found
Refreshing native plugins compatible for Editor in 164.29 ms, found 3 plugins.
Preloading 0 native plugins for Editor in 0.00 ms.
Mono: successfully reloaded assembly
- Completed reload, in  1.060 seconds
Domain Reload Profiling:
	ReloadAssembly (1060ms)
		BeginReloadAssembly (114ms)
			ExecutionOrderSort (0ms)
			DisableScriptedObjects (0ms)
			BackupInstance (0ms)
			ReleaseScriptingObjects (0ms)
			CreateAndSetChildDomain (1ms)
		EndReloadAssembly (761ms)
			LoadAssemblies (111ms)
			RebuildTransferFunctionScriptingTraits (0ms)
			SetupTypeCache (190ms)
			ReleaseScriptCaches (0ms)
			RebuildScriptCaches (42ms)
			SetupLoadedEditorAssemblies (451ms)
				LogAssemblyErrors (0ms)
				InitializePlatformSupportModulesInManaged (16ms)
				SetLoadedEditorAssemblies (0ms)
				RefreshPlugins (164ms)
				BeforeProcessingInitializeOnLoad (2ms)
				ProcessInitializeOnLoadAttributes (206ms)
				ProcessInitializeOnLoadMethodAttributes (62ms)
				AfterProcessingInitializeOnLoad (0ms)
				EditorAssembliesLoaded (0ms)
			ExecutionOrderSort2 (0ms)
			AwakeInstancesAfterBackupRestoration (0ms)
Platform modules already initialized, skipping
Registering precompiled user dll's ...
Registered in 0.011142 seconds.
Begin MonoManager ReloadAssembly
Symbol file LoadedFromMemory doesn't match image C:\Users\13741\Documents\cookinggame\Library\PackageCache\com.unity.visualscripting@1.7.8\Editor\VisualScripting.Core\Dependencies\YamlDotNet\Unity.VisualScripting.YamlDotNet.dll
Symbol file LoadedFromMemory doesn't match image C:\Users\13741\Documents\cookinggame\Library\PackageCache\com.unity.visualscripting@1.7.8\Editor\VisualScripting.Core\Dependencies\DotNetZip\Unity.VisualScripting.IonicZip.dll
Native extension for UWP target not found
Native extension for WindowsStandalone target not found
Refreshing native plugins compatible for Editor in 0.79 ms, found 3 plugins.
Preloading 0 native plugins for Editor in 0.00 ms.
Mono: successfully reloaded assembly
- Completed reload, in  1.610 seconds
Domain Reload Profiling:
	ReloadAssembly (1611ms)
		BeginReloadAssembly (178ms)
			ExecutionOrderSort (0ms)
			DisableScriptedObjects (10ms)
			BackupInstance (0ms)
			ReleaseScriptingObjects (0ms)
			CreateAndSetChildDomain (26ms)
		EndReloadAssembly (1262ms)
			LoadAssemblies (152ms)
			RebuildTransferFunctionScriptingTraits (0ms)
			SetupTypeCache (410ms)
			ReleaseScriptCaches (1ms)
			RebuildScriptCaches (78ms)
			SetupLoadedEditorAssemblies (576ms)
				LogAssemblyErrors (0ms)
				InitializePlatformSupportModulesInManaged (10ms)
				SetLoadedEditorAssemblies (1ms)
				RefreshPlugins (1ms)
				BeforeProcessingInitializeOnLoad (133ms)
				ProcessInitializeOnLoadAttributes (392ms)
				ProcessInitializeOnLoadMethodAttributes (30ms)
				AfterProcessingInitializeOnLoad (10ms)
				EditorAssembliesLoaded (0ms)
			ExecutionOrderSort2 (0ms)
			AwakeInstancesAfterBackupRestoration (8ms)
Platform modules already initialized, skipping
========================================================================
Worker process is ready to serve import requests
Launched and connected shader compiler UnityShaderCompiler.exe after 0.08 seconds
Refreshing native plugins compatible for Editor in 1.11 ms, found 3 plugins.
Preloading 0 native plugins for Editor in 0.00 ms.
Unloading 3361 Unused Serialized files (Serialized files now loaded: 0)
Unloading 25 unused Assets / (56.5 KB). Loaded Objects now: 3822.
Memory consumption went from 120.1 MB to 120.0 MB.
Total: 5.354900 ms (FindLiveObjects: 0.312900 ms CreateObjectMapping: 0.141200 ms MarkObjects: 4.786900 ms  DeleteObjects: 0.112500 ms)

AssetImportParameters requested are different than current active one (requested -> active):
  custom:video-decoder-ogg-theora: a1e56fd34408186e4bbccfd4996cb3dc -> 
  custom:container-muxer-webm: aa71ff27fc2769a1b78a27578f13a17b -> 
  custom:container-demuxer-webm: 4f35f7cbe854078d1ac9338744f61a02 -> 
  custom:video-encoder-webm-vp8: eb34c28f22e8b96e1ab97ce403110664 -> 
  custom:video-codec-MediaFoundation-h265: 746d11721c4dcdbdad8f713fa42b33f4 -> 
  custom:audio-encoder-webm-vorbis: bf7c407c2cedff20999df2af8eb42d56 -> 
  custom:framework-win-MediaFoundation: 216162199b28c13a410421893ffa2e32 -> 
  custom:container-demuxer-ogg: 62fdf1f143b41e24485cea50d1cbac27 -> 
  custom:video-decoder-webm-vp8: 9c59270c3fd7afecdb556c50c9e8de78 -> 
  custom:audio-decoder-ogg-vorbis: bf7c407c2cedff20999df2af8eb42d56 -> 
========================================================================
Received Import Request.
  Time since last request: 798461.657007 seconds.
  path: Assets/Asset/People
  artifactKey: Guid(8140fc42c5efe1a4794a3c14457f473c) Importer(815301076,1909f56bfc062723c751e8b465ee728b)
Start importing Assets/Asset/People using Guid(8140fc42c5efe1a4794a3c14457f473c) Importer(815301076,1909f56bfc062723c751e8b465ee728b)  -> (artifact id: '75256b1a1ef35af674c5b1d4fb7472c9') in 0.013819 seconds 
========================================================================
Received Import Request.
  Time since last request: 2.532498 seconds.
  path: Assets/Asset/People/Materials/mobile
  artifactKey: Guid(540f3807e08caa04eb5cb317a3bc17cf) Importer(815301076,1909f56bfc062723c751e8b465ee728b)
Start importing Assets/Asset/People/Materials/mobile using Guid(540f3807e08caa04eb5cb317a3bc17cf) Importer(815301076,1909f56bfc062723c751e8b465ee728b)  -> (artifact id: '244c323dfe6ffc3317718ebb0f616282') in 0.003132 seconds 
========================================================================
Received Import Request.
  Time since last request: 2.204356 seconds.
  path: Assets/Asset/People/Meshes/casual_Female_G.fbx
  artifactKey: Guid(89d08c2119b483f42a40e63fde990c13) Importer(815301076,1909f56bfc062723c751e8b465ee728b)
Start importing Assets/Asset/People/Meshes/casual_Female_G.fbx using Guid(89d08c2119b483f42a40e63fde990c13) Importer(815301076,1909f56bfc062723c751e8b465ee728b)  -> (artifact id: 'efb7a4dee6df813de97e9d329421b63e') in 0.367823 seconds 
========================================================================
Received Import Request.
  Time since last request: 10.678593 seconds.
  path: Assets/Asset/DenysAlmaral/Materials/mobile/m_people_pal.mat
  artifactKey: Guid(9f04b17b38e0c704c9838bf7a4ec4283) Importer(815301076,1909f56bfc062723c751e8b465ee728b)
Start importing Assets/Asset/DenysAlmaral/Materials/mobile/m_people_pal.mat using Guid(9f04b17b38e0c704c9838bf7a4ec4283) Importer(815301076,1909f56bfc062723c751e8b465ee728b)  -> (artifact id: '20ea3dcb35d1b2a49df7487e4df08f27') in 0.038432 seconds 
========================================================================
Received Import Request.
  Time since last request: 81.448764 seconds.
  path: Assets/Asset/DenysAlmaral
  artifactKey: Guid(2da06cb40a62f4a43ba10e7684d0dad1) Importer(815301076,1909f56bfc062723c751e8b465ee728b)
Start importing Assets/Asset/DenysAlmaral using Guid(2da06cb40a62f4a43ba10e7684d0dad1) Importer(815301076,1909f56bfc062723c751e8b465ee728b)  -> (artifact id: 'ca232e0e1e8219d9b9d97450c1f9c911') in 0.012144 seconds 
========================================================================
Received Prepare
Registering precompiled user dll's ...
Registered in 0.024843 seconds.
Begin MonoManager ReloadAssembly
Symbol file LoadedFromMemory doesn't match image C:\Users\13741\Documents\cookinggame\Library\PackageCache\com.unity.visualscripting@1.7.8\Editor\VisualScripting.Core\Dependencies\YamlDotNet\Unity.VisualScripting.YamlDotNet.dll
Symbol file LoadedFromMemory doesn't match image C:\Users\13741\Documents\cookinggame\Library\PackageCache\com.unity.visualscripting@1.7.8\Editor\VisualScripting.Core\Dependencies\DotNetZip\Unity.VisualScripting.IonicZip.dll
Native extension for UWP target not found
Native extension for WindowsStandalone target not found
Refreshing native plugins compatible for Editor in 1.50 ms, found 3 plugins.
Preloading 0 native plugins for Editor in 0.00 ms.
[ScriptCompilation] NOT recompiling all scripts because this is an import worker process. Reason to compile was: Define symbols changed
Mono: successfully reloaded assembly
- Completed reload, in  2.486 seconds
Domain Reload Profiling:
	ReloadAssembly (2488ms)
		BeginReloadAssembly (348ms)
			ExecutionOrderSort (0ms)
			DisableScriptedObjects (15ms)
			BackupInstance (0ms)
			ReleaseScriptingObjects (0ms)
			CreateAndSetChildDomain (76ms)
		EndReloadAssembly (1902ms)
			LoadAssemblies (245ms)
			RebuildTransferFunctionScriptingTraits (0ms)
			SetupTypeCache (520ms)
			ReleaseScriptCaches (2ms)
			RebuildScriptCaches (76ms)
			SetupLoadedEditorAssemblies (1003ms)
				LogAssemblyErrors (0ms)
				InitializePlatformSupportModulesInManaged (29ms)
				SetLoadedEditorAssemblies (1ms)
				RefreshPlugins (2ms)
				BeforeProcessingInitializeOnLoad (158ms)
				ProcessInitializeOnLoadAttributes (711ms)
				ProcessInitializeOnLoadMethodAttributes (68ms)
				AfterProcessingInitializeOnLoad (33ms)
				EditorAssembliesLoaded (1ms)
			ExecutionOrderSort2 (0ms)
			AwakeInstancesAfterBackupRestoration (17ms)
Platform modules already initialized, skipping
Refreshing native plugins compatible for Editor in 9.40 ms, found 3 plugins.
Preloading 0 native plugins for Editor in 0.00 ms.
Unloading 3517 Unused Serialized files (Serialized files now loaded: 0)
Unloading 58 unused Assets / (3.3 MB). Loaded Objects now: 3993.
Memory consumption went from 148.8 MB to 145.5 MB.
Total: 10.726900 ms (FindLiveObjects: 0.545300 ms CreateObjectMapping: 0.233300 ms MarkObjects: 7.686900 ms  DeleteObjects: 2.258200 ms)

AssetImportParameters requested are different than current active one (requested -> active):
  custom:video-decoder-ogg-theora: a1e56fd34408186e4bbccfd4996cb3dc -> 
  custom:container-muxer-webm: aa71ff27fc2769a1b78a27578f13a17b -> 
  custom:container-demuxer-webm: 4f35f7cbe854078d1ac9338744f61a02 -> 
  custom:video-encoder-webm-vp8: eb34c28f22e8b96e1ab97ce403110664 -> 
  custom:video-codec-MediaFoundation-h265: 746d11721c4dcdbdad8f713fa42b33f4 -> 
  custom:audio-encoder-webm-vorbis: bf7c407c2cedff20999df2af8eb42d56 -> 
  custom:framework-win-MediaFoundation: 216162199b28c13a410421893ffa2e32 -> 
  custom:container-demuxer-ogg: 62fdf1f143b41e24485cea50d1cbac27 -> 
  custom:video-decoder-webm-vp8: 9c59270c3fd7afecdb556c50c9e8de78 -> 
  custom:audio-decoder-ogg-vorbis: bf7c407c2cedff20999df2af8eb42d56 -> 
========================================================================
Received Import Request.
  Time since last request: 262.623398 seconds.
  path: Assets/Brick Project Studio
  artifactKey: Guid(1cd147525579b124fa5f17579e9dc550) Importer(815301076,1909f56bfc062723c751e8b465ee728b)
Start importing Assets/Brick Project Studio using Guid(1cd147525579b124fa5f17579e9dc550) Importer(815301076,1909f56bfc062723c751e8b465ee728b)  -> (artifact id: 'cf253249c04e432ea2ee139c1134200a') in 0.018994 seconds 
========================================================================
Received Import Request.
  Time since last request: 3.742438 seconds.
  path: Assets/Asset/Brick Project Studio/Fast Food Restaurant Kit
  artifactKey: Guid(779ee6120f1cf6741bb12683f81825d4) Importer(815301076,1909f56bfc062723c751e8b465ee728b)
Start importing Assets/Asset/Brick Project Studio/Fast Food Restaurant Kit using Guid(779ee6120f1cf6741bb12683f81825d4) Importer(815301076,1909f56bfc062723c751e8b465ee728b)  -> (artifact id: '189215dc3c22f74f38812e849d5d0acd') in 0.012353 seconds 
========================================================================
Received Import Request.
  Time since last request: 1.972006 seconds.
  path: Assets/Asset/Brick Project Studio/Fast Food Restaurant Kit/Common
  artifactKey: Guid(331491f51c019674ebc6079e87a4483f) Importer(815301076,1909f56bfc062723c751e8b465ee728b)
Start importing Assets/Asset/Brick Project Studio/Fast Food Restaurant Kit/Common using Guid(331491f51c019674ebc6079e87a4483f) Importer(815301076,1909f56bfc062723c751e8b465ee728b)  -> (artifact id: '9f5cc23bffee30eadf26cbc27a31f326') in 0.012530 seconds 
========================================================================
Received Import Request.
  Time since last request: 1.383805 seconds.
  path: Assets/Asset/Brick Project Studio/Fast Food Restaurant Kit/_Prefabs
  artifactKey: Guid(cc39acf2acaed994a8169effabca20b2) Importer(815301076,1909f56bfc062723c751e8b465ee728b)
Start importing Assets/Asset/Brick Project Studio/Fast Food Restaurant Kit/_Prefabs using Guid(cc39acf2acaed994a8169effabca20b2) Importer(815301076,1909f56bfc062723c751e8b465ee728b)  -> (artifact id: '38f2f5c6e576cc017bf90c2a9d78a666') in 0.013191 seconds 
========================================================================
Received Import Request.
  Time since last request: 0.720493 seconds.
  path: Assets/Asset/Brick Project Studio/Fast Food Restaurant Kit/_Prefabs/Fast Food Build Kit
  artifactKey: Guid(05363b88e1e33b44fbe43896bf4804ee) Importer(815301076,1909f56bfc062723c751e8b465ee728b)
Start importing Assets/Asset/Brick Project Studio/Fast Food Restaurant Kit/_Prefabs/Fast Food Build Kit using Guid(05363b88e1e33b44fbe43896bf4804ee) Importer(815301076,1909f56bfc062723c751e8b465ee728b)  -> (artifact id: '99d8f63e553564e9467ca4d8f0cec85b') in 0.012646 seconds 
========================================================================
Received Import Request.
  Time since last request: 1.135693 seconds.
  path: Assets/Asset/Brick Project Studio/Fast Food Restaurant Kit/_Prefabs/Fast Food Build Kit/Divider
  artifactKey: Guid(e06443e7eb71bcd438dd349c78129225) Importer(815301076,1909f56bfc062723c751e8b465ee728b)
Start importing Assets/Asset/Brick Project Studio/Fast Food Restaurant Kit/_Prefabs/Fast Food Build Kit/Divider using Guid(e06443e7eb71bcd438dd349c78129225) Importer(815301076,1909f56bfc062723c751e8b465ee728b)  -> (artifact id: 'b1b8814a9603dc1961c61f7e448d6409') in 0.012816 seconds 
========================================================================
Received Import Request.
  Time since last request: 2.051747 seconds.
  path: Assets/Asset/Brick Project Studio/Fast Food Restaurant Kit/_Prefabs/Furniture
  artifactKey: Guid(b9a9811ae08674740ac9922dd32e1065) Importer(815301076,1909f56bfc062723c751e8b465ee728b)
Start importing Assets/Asset/Brick Project Studio/Fast Food Restaurant Kit/_Prefabs/Furniture using Guid(b9a9811ae08674740ac9922dd32e1065) Importer(815301076,1909f56bfc062723c751e8b465ee728b)  -> (artifact id: 'c99b2140432b183af4e33a9154dbe11d') in 0.015386 seconds 
========================================================================
Received Import Request.
  Time since last request: 0.525159 seconds.
  path: Assets/Asset/Brick Project Studio/Fast Food Restaurant Kit/_Prefabs/Furniture/Tables
  artifactKey: Guid(9acaf2701f0b5d6439cf682e01e8b815) Importer(815301076,1909f56bfc062723c751e8b465ee728b)
Start importing Assets/Asset/Brick Project Studio/Fast Food Restaurant Kit/_Prefabs/Furniture/Tables using Guid(9acaf2701f0b5d6439cf682e01e8b815) Importer(815301076,1909f56bfc062723c751e8b465ee728b)  -> (artifact id: '39e60f0b0a3983bbffc41f377241c587') in 0.013019 seconds 
========================================================================
Received Import Request.
  Time since last request: 0.019349 seconds.
  path: Assets/Asset/Brick Project Studio/Fast Food Restaurant Kit/_Prefabs/Furniture/Tables/FFK_Table_01_01.prefab
  artifactKey: Guid(5ff9f985590cd094795d262c89e14e46) Importer(815301076,1909f56bfc062723c751e8b465ee728b)
Start importing Assets/Asset/Brick Project Studio/Fast Food Restaurant Kit/_Prefabs/Furniture/Tables/FFK_Table_01_01.prefab using Guid(5ff9f985590cd094795d262c89e14e46) Importer(815301076,1909f56bfc062723c751e8b465ee728b)  -> (artifact id: 'e4cb12e5b9784ea427e283e255ac2497') in 0.665546 seconds 
========================================================================
Received Import Request.
  Time since last request: 0.000069 seconds.
  path: Assets/Asset/Brick Project Studio/Fast Food Restaurant Kit/_Prefabs/Furniture/Tables/FFK_Table_07_01.prefab
  artifactKey: Guid(0b44cd7a02df23e418ba5c4f996827a0) Importer(815301076,1909f56bfc062723c751e8b465ee728b)
Start importing Assets/Asset/Brick Project Studio/Fast Food Restaurant Kit/_Prefabs/Furniture/Tables/FFK_Table_07_01.prefab using Guid(0b44cd7a02df23e418ba5c4f996827a0) Importer(815301076,1909f56bfc062723c751e8b465ee728b)  -> (artifact id: 'dc74d109829485993444ff70eddf4473') in 0.045928 seconds 
========================================================================
Received Import Request.
  Time since last request: 0.000056 seconds.
  path: Assets/Asset/Brick Project Studio/Fast Food Restaurant Kit/_Prefabs/Furniture/Tables/FFK_Table_03_02.prefab
  artifactKey: Guid(efb3bf968862df44c8a9174054d2282a) Importer(815301076,1909f56bfc062723c751e8b465ee728b)
Start importing Assets/Asset/Brick Project Studio/Fast Food Restaurant Kit/_Prefabs/Furniture/Tables/FFK_Table_03_02.prefab using Guid(efb3bf968862df44c8a9174054d2282a) Importer(815301076,1909f56bfc062723c751e8b465ee728b)  -> (artifact id: '7df418584b72fb29db3110a1f06fcb88') in 0.619608 seconds 
========================================================================
Received Import Request.
  Time since last request: 0.000060 seconds.
  path: Assets/Asset/Brick Project Studio/Fast Food Restaurant Kit/_Prefabs/Furniture/Tables/FFK_Table_04_01.prefab
  artifactKey: Guid(a1f53b61442de404396cd7bebdfcc815) Importer(815301076,1909f56bfc062723c751e8b465ee728b)
Start importing Assets/Asset/Brick Project Studio/Fast Food Restaurant Kit/_Prefabs/Furniture/Tables/FFK_Table_04_01.prefab using Guid(a1f53b61442de404396cd7bebdfcc815) Importer(815301076,1909f56bfc062723c751e8b465ee728b)  -> (artifact id: '8b11ff7259211c6d7b4ea8fc41d2faab') in 0.045733 seconds 
========================================================================
Received Import Request.
  Time since last request: 0.000069 seconds.
  path: Assets/Asset/Brick Project Studio/Fast Food Restaurant Kit/_Prefabs/Furniture/Tables/FFK_Table_08_01.prefab
  artifactKey: Guid(9dad650fdcde93d4c89dbb1c0f02921d) Importer(815301076,1909f56bfc062723c751e8b465ee728b)
Start importing Assets/Asset/Brick Project Studio/Fast Food Restaurant Kit/_Prefabs/Furniture/Tables/FFK_Table_08_01.prefab using Guid(9dad650fdcde93d4c89dbb1c0f02921d) Importer(815301076,1909f56bfc062723c751e8b465ee728b)  -> (artifact id: 'd81a103b0cf43a3181590d5299185c59') in 0.765540 seconds 
