Using pre-set license
Built from '2021.3/staging' branch; Version is '2021.3.16f1 (4016570cf34f) revision 4200023'; Using compiler version '192829333'; Build Type 'Release'
OS: 'Windows 11  (10.0.22631) 64bit Core' Language: 'zh' Physical Memory: 16236 MB
BatchMode: 1, IsHumanControllingUs: 0, StartBugReporterOnCrash: 0, Is64bit: 1, IsPro: 1

COMMAND LINE ARGUMENTS:
C:\Program Files\Unity\Hub\Editor\2021.3.16f1\Editor\Unity.exe
-adb2
-batchMode
-noUpm
-name
AssetImportWorker5
-projectPath
C:/Users/13741/Documents/cookinggame
-logFile
Logs/AssetImportWorker5.log
-srvPort
61575
Successfully changed project path to: C:/Users/13741/Documents/cookinggame
C:/Users/13741/Documents/cookinggame
[UnityMemory] Configuration Parameters - Can be set up in boot.config
    "memorysetup-bucket-allocator-granularity=16"
    "memorysetup-bucket-allocator-bucket-count=8"
    "memorysetup-bucket-allocator-block-size=33554432"
    "memorysetup-bucket-allocator-block-count=8"
    "memorysetup-main-allocator-block-size=16777216"
    "memorysetup-thread-allocator-block-size=16777216"
    "memorysetup-gfx-main-allocator-block-size=16777216"
    "memorysetup-gfx-thread-allocator-block-size=16777216"
    "memorysetup-cache-allocator-block-size=4194304"
    "memorysetup-typetree-allocator-block-size=2097152"
    "memorysetup-profiler-bucket-allocator-granularity=16"
    "memorysetup-profiler-bucket-allocator-bucket-count=8"
    "memorysetup-profiler-bucket-allocator-block-size=33554432"
    "memorysetup-profiler-bucket-allocator-block-count=8"
    "memorysetup-profiler-allocator-block-size=16777216"
    "memorysetup-profiler-editor-allocator-block-size=1048576"
    "memorysetup-temp-allocator-size-main=16777216"
    "memorysetup-job-temp-allocator-block-size=2097152"
    "memorysetup-job-temp-allocator-block-size-background=1048576"
    "memorysetup-job-temp-allocator-reduction-small-platforms=262144"
    "memorysetup-temp-allocator-size-background-worker=32768"
    "memorysetup-temp-allocator-size-job-worker=262144"
    "memorysetup-temp-allocator-size-preload-manager=33554432"
    "memorysetup-temp-allocator-size-nav-mesh-worker=65536"
    "memorysetup-temp-allocator-size-audio-worker=65536"
    "memorysetup-temp-allocator-size-cloud-worker=32768"
    "memorysetup-temp-allocator-size-gi-baking-worker=262144"
    "memorysetup-temp-allocator-size-gfx=262144"
Player connection [12056] Host "[IP] 10.0.0.178 [Port] 0 [Flags] 2 [Guid] 314849662 [EditorId] 314849662 [Version] 1048832 [Id] WindowsEditor(7,LAPTOP-BG0D3BFH) [Debug] 1 [PackageName] WindowsEditor [ProjectName] Editor" joined multi-casting on [225.0.0.222:54997]...

Player connection [12056] Host "[IP] 10.0.0.178 [Port] 0 [Flags] 2 [Guid] 314849662 [EditorId] 314849662 [Version] 1048832 [Id] WindowsEditor(7,LAPTOP-BG0D3BFH) [Debug] 1 [PackageName] WindowsEditor [ProjectName] Editor" joined alternative multi-casting on [225.0.0.222:34997]...

Refreshing native plugins compatible for Editor in 91.39 ms, found 3 plugins.
Preloading 0 native plugins for Editor in 0.00 ms.
Initialize engine version: 2021.3.16f1 (4016570cf34f)
[Subsystems] Discovering subsystems at path C:/Program Files/Unity/Hub/Editor/2021.3.16f1/Editor/Data/Resources/UnitySubsystems
[Subsystems] Discovering subsystems at path C:/Users/13741/Documents/cookinggame/Assets
GfxDevice: creating device client; threaded=0; jobified=0
Direct3D:
    Version:  Direct3D 11.0 [level 11.1]
    Renderer: NVIDIA GeForce RTX 3070 Laptop GPU (ID=0x24dd)
    Vendor:   NVIDIA
    VRAM:     8020 MB
    Driver:   32.0.15.6081
Initialize mono
Mono path[0] = 'C:/Program Files/Unity/Hub/Editor/2021.3.16f1/Editor/Data/Managed'
Mono path[1] = 'C:/Program Files/Unity/Hub/Editor/2021.3.16f1/Editor/Data/MonoBleedingEdge/lib/mono/unityjit-win32'
Mono config path = 'C:/Program Files/Unity/Hub/Editor/2021.3.16f1/Editor/Data/MonoBleedingEdge/etc'
Using monoOptions --debugger-agent=transport=dt_socket,embedding=1,server=y,suspend=n,address=127.0.0.1:56168
Begin MonoManager ReloadAssembly
Registering precompiled unity dll's ...
Register platform support module: C:/Program Files/Unity/Hub/Editor/2021.3.16f1/Editor/Data/PlaybackEngines/WindowsStandaloneSupport/UnityEditor.WindowsStandalone.Extensions.dll
Register platform support module: C:/Program Files/Unity/Hub/Editor/2021.3.16f1/Editor/Data/PlaybackEngines/MetroSupport/UnityEditor.UWP.Extensions.dll
Registered in 0.005956 seconds.
Native extension for UWP target not found
Native extension for WindowsStandalone target not found
Refreshing native plugins compatible for Editor in 76.42 ms, found 3 plugins.
Preloading 0 native plugins for Editor in 0.00 ms.
Mono: successfully reloaded assembly
- Completed reload, in  0.546 seconds
Domain Reload Profiling:
	ReloadAssembly (547ms)
		BeginReloadAssembly (64ms)
			ExecutionOrderSort (0ms)
			DisableScriptedObjects (0ms)
			BackupInstance (0ms)
			ReleaseScriptingObjects (0ms)
			CreateAndSetChildDomain (1ms)
		EndReloadAssembly (391ms)
			LoadAssemblies (63ms)
			RebuildTransferFunctionScriptingTraits (0ms)
			SetupTypeCache (79ms)
			ReleaseScriptCaches (0ms)
			RebuildScriptCaches (24ms)
			SetupLoadedEditorAssemblies (245ms)
				LogAssemblyErrors (0ms)
				InitializePlatformSupportModulesInManaged (8ms)
				SetLoadedEditorAssemblies (0ms)
				RefreshPlugins (77ms)
				BeforeProcessingInitializeOnLoad (1ms)
				ProcessInitializeOnLoadAttributes (118ms)
				ProcessInitializeOnLoadMethodAttributes (40ms)
				AfterProcessingInitializeOnLoad (0ms)
				EditorAssembliesLoaded (0ms)
			ExecutionOrderSort2 (0ms)
			AwakeInstancesAfterBackupRestoration (0ms)
Platform modules already initialized, skipping
Registering precompiled user dll's ...
Registered in 0.005511 seconds.
Begin MonoManager ReloadAssembly
Symbol file LoadedFromMemory doesn't match image C:\Users\13741\Documents\cookinggame\Library\PackageCache\com.unity.visualscripting@1.7.8\Editor\VisualScripting.Core\Dependencies\YamlDotNet\Unity.VisualScripting.YamlDotNet.dll
Symbol file LoadedFromMemory doesn't match image C:\Users\13741\Documents\cookinggame\Library\PackageCache\com.unity.visualscripting@1.7.8\Editor\VisualScripting.Core\Dependencies\DotNetZip\Unity.VisualScripting.IonicZip.dll
Native extension for UWP target not found
Native extension for WindowsStandalone target not found
Refreshing native plugins compatible for Editor in 0.76 ms, found 3 plugins.
Preloading 0 native plugins for Editor in 0.00 ms.
Mono: successfully reloaded assembly
- Completed reload, in  0.989 seconds
Domain Reload Profiling:
	ReloadAssembly (990ms)
		BeginReloadAssembly (95ms)
			ExecutionOrderSort (0ms)
			DisableScriptedObjects (5ms)
			BackupInstance (0ms)
			ReleaseScriptingObjects (0ms)
			CreateAndSetChildDomain (18ms)
		EndReloadAssembly (799ms)
			LoadAssemblies (73ms)
			RebuildTransferFunctionScriptingTraits (0ms)
			SetupTypeCache (262ms)
			ReleaseScriptCaches (1ms)
			RebuildScriptCaches (59ms)
			SetupLoadedEditorAssemblies (355ms)
				LogAssemblyErrors (0ms)
				InitializePlatformSupportModulesInManaged (7ms)
				SetLoadedEditorAssemblies (0ms)
				RefreshPlugins (1ms)
				BeforeProcessingInitializeOnLoad (97ms)
				ProcessInitializeOnLoadAttributes (220ms)
				ProcessInitializeOnLoadMethodAttributes (22ms)
				AfterProcessingInitializeOnLoad (7ms)
				EditorAssembliesLoaded (0ms)
			ExecutionOrderSort2 (0ms)
			AwakeInstancesAfterBackupRestoration (5ms)
Platform modules already initialized, skipping
========================================================================
Worker process is ready to serve import requests
Launched and connected shader compiler UnityShaderCompiler.exe after 0.04 seconds
Refreshing native plugins compatible for Editor in 0.69 ms, found 3 plugins.
Preloading 0 native plugins for Editor in 0.00 ms.
Unloading 3547 Unused Serialized files (Serialized files now loaded: 0)
Unloading 37 unused Assets / (1.3 MB). Loaded Objects now: 4013.
Memory consumption went from 149.4 MB to 148.1 MB.
Total: 3.342600 ms (FindLiveObjects: 0.240500 ms CreateObjectMapping: 0.095000 ms MarkObjects: 2.451200 ms  DeleteObjects: 0.555400 ms)

AssetImportParameters requested are different than current active one (requested -> active):
  custom:video-decoder-ogg-theora: a1e56fd34408186e4bbccfd4996cb3dc -> 
  custom:container-muxer-webm: aa71ff27fc2769a1b78a27578f13a17b -> 
  custom:container-demuxer-webm: 4f35f7cbe854078d1ac9338744f61a02 -> 
  custom:video-encoder-webm-vp8: eb34c28f22e8b96e1ab97ce403110664 -> 
  custom:video-codec-MediaFoundation-h265: 746d11721c4dcdbdad8f713fa42b33f4 -> 
  custom:audio-encoder-webm-vorbis: bf7c407c2cedff20999df2af8eb42d56 -> 
  custom:framework-win-MediaFoundation: 216162199b28c13a410421893ffa2e32 -> 
  custom:container-demuxer-ogg: 62fdf1f143b41e24485cea50d1cbac27 -> 
  custom:video-decoder-webm-vp8: 9c59270c3fd7afecdb556c50c9e8de78 -> 
  custom:audio-decoder-ogg-vorbis: bf7c407c2cedff20999df2af8eb42d56 -> 
========================================================================
Received Import Request.
  Time since last request: 1406379.830060 seconds.
  path: Assets/Asset/Brick Project Studio/Fast Food Restaurant Kit/Common/Models/FFK_FurnitureProps_01.fbx
  artifactKey: Guid(03aa99419670d9840a32509ff44e82f8) Importer(815301076,1909f56bfc062723c751e8b465ee728b)
Start importing Assets/Asset/Brick Project Studio/Fast Food Restaurant Kit/Common/Models/FFK_FurnitureProps_01.fbx using Guid(03aa99419670d9840a32509ff44e82f8) Importer(815301076,1909f56bfc062723c751e8b465ee728b)  -> (artifact id: 'e5b6a5ea540e75190a3fe9c0cca48182') in 0.626366 seconds 
========================================================================
Received Import Request.
  Time since last request: 6.771779 seconds.
  path: Assets/Asset/Brick Project Studio/Fast Food Restaurant Kit/_Prefabs/Props/Food/Big Nuggets_01.prefab
  artifactKey: Guid(bef0b6331b6ddcc4e80368fbb8f8fade) Importer(815301076,1909f56bfc062723c751e8b465ee728b)
Start importing Assets/Asset/Brick Project Studio/Fast Food Restaurant Kit/_Prefabs/Props/Food/Big Nuggets_01.prefab using Guid(bef0b6331b6ddcc4e80368fbb8f8fade) Importer(815301076,1909f56bfc062723c751e8b465ee728b)  -> (artifact id: 'eaaeab5f4635151f3fd38f62be9c4a44') in 0.020098 seconds 
========================================================================
Received Import Request.
  Time since last request: 0.000026 seconds.
  path: Assets/Asset/Brick Project Studio/Fast Food Restaurant Kit/_Prefabs/Props/Food/Nugget_05.prefab
  artifactKey: Guid(d59d1708b196d3e4fb458a2aa72ef222) Importer(815301076,1909f56bfc062723c751e8b465ee728b)
Start importing Assets/Asset/Brick Project Studio/Fast Food Restaurant Kit/_Prefabs/Props/Food/Nugget_05.prefab using Guid(d59d1708b196d3e4fb458a2aa72ef222) Importer(815301076,1909f56bfc062723c751e8b465ee728b)  -> (artifact id: 'c26a77d73d1e527cf03844a8206c0c9b') in 0.016668 seconds 
========================================================================
Received Import Request.
  Time since last request: 0.000027 seconds.
  path: Assets/Asset/Brick Project Studio/Fast Food Restaurant Kit/_Prefabs/Props/Food/Fries Box_01.prefab
  artifactKey: Guid(494ce0ae26952704c8a93fd02d125112) Importer(815301076,1909f56bfc062723c751e8b465ee728b)
Start importing Assets/Asset/Brick Project Studio/Fast Food Restaurant Kit/_Prefabs/Props/Food/Fries Box_01.prefab using Guid(494ce0ae26952704c8a93fd02d125112) Importer(815301076,1909f56bfc062723c751e8b465ee728b)  -> (artifact id: 'a9779a15369529e6a6735b7c26cc50e4') in 0.019374 seconds 
========================================================================
Received Import Request.
  Time since last request: 0.000021 seconds.
  path: Assets/Asset/Brick Project Studio/Fast Food Restaurant Kit/_Prefabs/Props/Food/Nugget_01.prefab
  artifactKey: Guid(e504bc3bdaf527f43b48c50f5b8814f7) Importer(815301076,1909f56bfc062723c751e8b465ee728b)
Start importing Assets/Asset/Brick Project Studio/Fast Food Restaurant Kit/_Prefabs/Props/Food/Nugget_01.prefab using Guid(e504bc3bdaf527f43b48c50f5b8814f7) Importer(815301076,1909f56bfc062723c751e8b465ee728b)  -> (artifact id: 'f5794a4b17fa400cf0401cbd2fe1ad1a') in 0.014757 seconds 
========================================================================
Received Import Request.
  Time since last request: 0.000027 seconds.
  path: Assets/Asset/Brick Project Studio/Fast Food Restaurant Kit/_Prefabs/Props/Food/FountainCup_01.prefab
  artifactKey: Guid(1dc2de87675d11142a9921d2ee2b12ac) Importer(815301076,1909f56bfc062723c751e8b465ee728b)
Start importing Assets/Asset/Brick Project Studio/Fast Food Restaurant Kit/_Prefabs/Props/Food/FountainCup_01.prefab using Guid(1dc2de87675d11142a9921d2ee2b12ac) Importer(815301076,1909f56bfc062723c751e8b465ee728b)  -> (artifact id: '8d8af3e3d685052014ee993d473b4bb8') in 0.136552 seconds 
========================================================================
Received Import Request.
  Time since last request: 2.694202 seconds.
  path: Assets/Asset/Brick Project Studio/Fast Food Restaurant Kit/_Prefabs/Props/Misc/FFK_DrinkMachine_01_01.prefab
  artifactKey: Guid(28f3adadfa8e13d41bd2af81c2170f85) Importer(815301076,1909f56bfc062723c751e8b465ee728b)
Start importing Assets/Asset/Brick Project Studio/Fast Food Restaurant Kit/_Prefabs/Props/Misc/FFK_DrinkMachine_01_01.prefab using Guid(28f3adadfa8e13d41bd2af81c2170f85) Importer(815301076,1909f56bfc062723c751e8b465ee728b)  -> (artifact id: '0a425304d135e00bd2d59e443b62430f') in 0.119079 seconds 
