Using pre-set license
Built from '2021.3/staging' branch; Version is '2021.3.16f1 (4016570cf34f) revision 4200023'; Using compiler version '192829333'; Build Type 'Release'
OS: 'Windows 11  (10.0.22631) 64bit Core' Language: 'zh' Physical Memory: 16236 MB
BatchMode: 1, IsHumanControllingUs: 0, StartBugReporterOnCrash: 0, Is64bit: 1, IsPro: 1

COMMAND LINE ARGUMENTS:
C:\Program Files\Unity\Hub\Editor\2021.3.16f1\Editor\Unity.exe
-adb2
-batchMode
-noUpm
-name
AssetImportWorker2
-projectPath
C:/Users/13741/Documents/cookinggame
-logFile
Logs/AssetImportWorker2.log
-srvPort
55403
Successfully changed project path to: C:/Users/13741/Documents/cookinggame
C:/Users/13741/Documents/cookinggame
[UnityMemory] Configuration Parameters - Can be set up in boot.config
    "memorysetup-bucket-allocator-granularity=16"
    "memorysetup-bucket-allocator-bucket-count=8"
    "memorysetup-bucket-allocator-block-size=33554432"
    "memorysetup-bucket-allocator-block-count=8"
    "memorysetup-main-allocator-block-size=16777216"
    "memorysetup-thread-allocator-block-size=16777216"
    "memorysetup-gfx-main-allocator-block-size=16777216"
    "memorysetup-gfx-thread-allocator-block-size=16777216"
    "memorysetup-cache-allocator-block-size=4194304"
    "memorysetup-typetree-allocator-block-size=2097152"
    "memorysetup-profiler-bucket-allocator-granularity=16"
    "memorysetup-profiler-bucket-allocator-bucket-count=8"
    "memorysetup-profiler-bucket-allocator-block-size=33554432"
    "memorysetup-profiler-bucket-allocator-block-count=8"
    "memorysetup-profiler-allocator-block-size=16777216"
    "memorysetup-profiler-editor-allocator-block-size=1048576"
    "memorysetup-temp-allocator-size-main=16777216"
    "memorysetup-job-temp-allocator-block-size=2097152"
    "memorysetup-job-temp-allocator-block-size-background=1048576"
    "memorysetup-job-temp-allocator-reduction-small-platforms=262144"
    "memorysetup-temp-allocator-size-background-worker=32768"
    "memorysetup-temp-allocator-size-job-worker=262144"
    "memorysetup-temp-allocator-size-preload-manager=33554432"
    "memorysetup-temp-allocator-size-nav-mesh-worker=65536"
    "memorysetup-temp-allocator-size-audio-worker=65536"
    "memorysetup-temp-allocator-size-cloud-worker=32768"
    "memorysetup-temp-allocator-size-gi-baking-worker=262144"
    "memorysetup-temp-allocator-size-gfx=262144"
Player connection [33072] Host "[IP] 10.110.216.167 [Port] 0 [Flags] 2 [Guid] 679308965 [EditorId] 679308965 [Version] 1048832 [Id] WindowsEditor(7,LAPTOP-BG0D3BFH) [Debug] 1 [PackageName] WindowsEditor [ProjectName] Editor" joined multi-casting on [225.0.0.222:54997]...

Player connection [33072] Host "[IP] 10.110.216.167 [Port] 0 [Flags] 2 [Guid] 679308965 [EditorId] 679308965 [Version] 1048832 [Id] WindowsEditor(7,LAPTOP-BG0D3BFH) [Debug] 1 [PackageName] WindowsEditor [ProjectName] Editor" joined alternative multi-casting on [225.0.0.222:34997]...

Refreshing native plugins compatible for Editor in 200.56 ms, found 3 plugins.
Preloading 0 native plugins for Editor in 0.00 ms.
Initialize engine version: 2021.3.16f1 (4016570cf34f)
[Subsystems] Discovering subsystems at path C:/Program Files/Unity/Hub/Editor/2021.3.16f1/Editor/Data/Resources/UnitySubsystems
[Subsystems] Discovering subsystems at path C:/Users/13741/Documents/cookinggame/Assets
GfxDevice: creating device client; threaded=0; jobified=0
Direct3D:
    Version:  Direct3D 11.0 [level 11.1]
    Renderer: NVIDIA GeForce RTX 3070 Laptop GPU (ID=0x24dd)
    Vendor:   NVIDIA
    VRAM:     8020 MB
    Driver:   32.0.15.6081
Initialize mono
Mono path[0] = 'C:/Program Files/Unity/Hub/Editor/2021.3.16f1/Editor/Data/Managed'
Mono path[1] = 'C:/Program Files/Unity/Hub/Editor/2021.3.16f1/Editor/Data/MonoBleedingEdge/lib/mono/unityjit-win32'
Mono config path = 'C:/Program Files/Unity/Hub/Editor/2021.3.16f1/Editor/Data/MonoBleedingEdge/etc'
Using monoOptions --debugger-agent=transport=dt_socket,embedding=1,server=y,suspend=n,address=127.0.0.1:56836
Begin MonoManager ReloadAssembly
Registering precompiled unity dll's ...
Register platform support module: C:/Program Files/Unity/Hub/Editor/2021.3.16f1/Editor/Data/PlaybackEngines/WindowsStandaloneSupport/UnityEditor.WindowsStandalone.Extensions.dll
Register platform support module: C:/Program Files/Unity/Hub/Editor/2021.3.16f1/Editor/Data/PlaybackEngines/MetroSupport/UnityEditor.UWP.Extensions.dll
Registered in 0.016427 seconds.
Native extension for UWP target not found
Native extension for WindowsStandalone target not found
Refreshing native plugins compatible for Editor in 181.62 ms, found 3 plugins.
Preloading 0 native plugins for Editor in 0.00 ms.
Mono: successfully reloaded assembly
- Completed reload, in  1.524 seconds
Domain Reload Profiling:
	ReloadAssembly (1525ms)
		BeginReloadAssembly (178ms)
			ExecutionOrderSort (0ms)
			DisableScriptedObjects (0ms)
			BackupInstance (0ms)
			ReleaseScriptingObjects (0ms)
			CreateAndSetChildDomain (2ms)
		EndReloadAssembly (1086ms)
			LoadAssemblies (172ms)
			RebuildTransferFunctionScriptingTraits (0ms)
			SetupTypeCache (242ms)
			ReleaseScriptCaches (0ms)
			RebuildScriptCaches (75ms)
			SetupLoadedEditorAssemblies (633ms)
				LogAssemblyErrors (0ms)
				InitializePlatformSupportModulesInManaged (23ms)
				SetLoadedEditorAssemblies (1ms)
				RefreshPlugins (182ms)
				BeforeProcessingInitializeOnLoad (3ms)
				ProcessInitializeOnLoadAttributes (301ms)
				ProcessInitializeOnLoadMethodAttributes (123ms)
				AfterProcessingInitializeOnLoad (0ms)
				EditorAssembliesLoaded (0ms)
			ExecutionOrderSort2 (0ms)
			AwakeInstancesAfterBackupRestoration (0ms)
Platform modules already initialized, skipping
Registering precompiled user dll's ...
Registered in 0.023401 seconds.
Begin MonoManager ReloadAssembly
Symbol file LoadedFromMemory doesn't match image C:\Users\13741\Documents\cookinggame\Library\PackageCache\com.unity.visualscripting@1.7.8\Editor\VisualScripting.Core\Dependencies\YamlDotNet\Unity.VisualScripting.YamlDotNet.dll
Symbol file LoadedFromMemory doesn't match image C:\Users\13741\Documents\cookinggame\Library\PackageCache\com.unity.visualscripting@1.7.8\Editor\VisualScripting.Core\Dependencies\DotNetZip\Unity.VisualScripting.IonicZip.dll
Native extension for UWP target not found
Native extension for WindowsStandalone target not found
Refreshing native plugins compatible for Editor in 0.75 ms, found 3 plugins.
Preloading 0 native plugins for Editor in 0.00 ms.
Mono: successfully reloaded assembly
- Completed reload, in  1.615 seconds
Domain Reload Profiling:
	ReloadAssembly (1617ms)
		BeginReloadAssembly (216ms)
			ExecutionOrderSort (0ms)
			DisableScriptedObjects (14ms)
			BackupInstance (0ms)
			ReleaseScriptingObjects (0ms)
			CreateAndSetChildDomain (40ms)
		EndReloadAssembly (1238ms)
			LoadAssemblies (145ms)
			RebuildTransferFunctionScriptingTraits (0ms)
			SetupTypeCache (360ms)
			ReleaseScriptCaches (1ms)
			RebuildScriptCaches (84ms)
			SetupLoadedEditorAssemblies (600ms)
				LogAssemblyErrors (0ms)
				InitializePlatformSupportModulesInManaged (8ms)
				SetLoadedEditorAssemblies (1ms)
				RefreshPlugins (1ms)
				BeforeProcessingInitializeOnLoad (145ms)
				ProcessInitializeOnLoadAttributes (382ms)
				ProcessInitializeOnLoadMethodAttributes (41ms)
				AfterProcessingInitializeOnLoad (22ms)
				EditorAssembliesLoaded (1ms)
			ExecutionOrderSort2 (0ms)
			AwakeInstancesAfterBackupRestoration (10ms)
Platform modules already initialized, skipping
========================================================================
Worker process is ready to serve import requests
Launched and connected shader compiler UnityShaderCompiler.exe after 0.18 seconds
Refreshing native plugins compatible for Editor in 2.90 ms, found 3 plugins.
Preloading 0 native plugins for Editor in 0.00 ms.
Unloading 3361 Unused Serialized files (Serialized files now loaded: 0)
Unloading 25 unused Assets / (56.2 KB). Loaded Objects now: 3820.
Memory consumption went from 119.7 MB to 119.7 MB.
Total: 4.445400 ms (FindLiveObjects: 0.310900 ms CreateObjectMapping: 0.240900 ms MarkObjects: 3.804500 ms  DeleteObjects: 0.088000 ms)

AssetImportParameters requested are different than current active one (requested -> active):
  custom:video-decoder-ogg-theora: a1e56fd34408186e4bbccfd4996cb3dc -> 
  custom:container-muxer-webm: aa71ff27fc2769a1b78a27578f13a17b -> 
  custom:container-demuxer-webm: 4f35f7cbe854078d1ac9338744f61a02 -> 
  custom:video-encoder-webm-vp8: eb34c28f22e8b96e1ab97ce403110664 -> 
  custom:video-codec-MediaFoundation-h265: 746d11721c4dcdbdad8f713fa42b33f4 -> 
  custom:audio-encoder-webm-vorbis: bf7c407c2cedff20999df2af8eb42d56 -> 
  custom:framework-win-MediaFoundation: 216162199b28c13a410421893ffa2e32 -> 
  custom:container-demuxer-ogg: 62fdf1f143b41e24485cea50d1cbac27 -> 
  custom:video-decoder-webm-vp8: 9c59270c3fd7afecdb556c50c9e8de78 -> 
  custom:audio-decoder-ogg-vorbis: bf7c407c2cedff20999df2af8eb42d56 -> 
========================================================================
Received Import Request.
  Time since last request: 798293.897985 seconds.
  path: Assets/DenysAlmaral
  artifactKey: Guid(8140fc42c5efe1a4794a3c14457f473c) Importer(815301076,1909f56bfc062723c751e8b465ee728b)
Start importing Assets/DenysAlmaral using Guid(8140fc42c5efe1a4794a3c14457f473c) Importer(815301076,1909f56bfc062723c751e8b465ee728b)  -> (artifact id: 'aceee423956fc6036d7c9d378582efaf') in 0.011933 seconds 
========================================================================
Received Import Request.
  Time since last request: 2.562455 seconds.
  path: Assets/DenysAlmaral/CityPeopleLite/Materials
  artifactKey: Guid(7fd286d1649d9f943879826fd060ee84) Importer(815301076,1909f56bfc062723c751e8b465ee728b)
Start importing Assets/DenysAlmaral/CityPeopleLite/Materials using Guid(7fd286d1649d9f943879826fd060ee84) Importer(815301076,1909f56bfc062723c751e8b465ee728b)  -> (artifact id: '50043d1837e5077514a5b21c1baf0812') in 0.011416 seconds 
========================================================================
Received Import Request.
  Time since last request: 0.497154 seconds.
  path: Assets/DenysAlmaral/CityPeopleLite/Meshes
  artifactKey: Guid(ab0e29831f50f804a8217837c1806837) Importer(815301076,1909f56bfc062723c751e8b465ee728b)
Start importing Assets/DenysAlmaral/CityPeopleLite/Meshes using Guid(ab0e29831f50f804a8217837c1806837) Importer(815301076,1909f56bfc062723c751e8b465ee728b)  -> (artifact id: '6069a5652caa08aabe748036cd703add') in 0.003961 seconds 
========================================================================
Received Import Request.
  Time since last request: 0.439419 seconds.
  path: Assets/DenysAlmaral/CityPeopleLite/Meshes/casual_Female_G.fbx
  artifactKey: Guid(efa7cf83928a3bd42935d7898c6fe1df) Importer(815301076,1909f56bfc062723c751e8b465ee728b)
Start importing Assets/DenysAlmaral/CityPeopleLite/Meshes/casual_Female_G.fbx using Guid(efa7cf83928a3bd42935d7898c6fe1df) Importer(815301076,1909f56bfc062723c751e8b465ee728b)  -> (artifact id: '2439525e64849ee42b0d8640e9ce17d7') in 0.635870 seconds 
========================================================================
Received Import Request.
  Time since last request: 0.000055 seconds.
  path: Assets/DenysAlmaral/CityPeopleLite/Meshes/casual_Male_G.fbx
  artifactKey: Guid(50c8fe73844fb0a42bdb72b9873224e6) Importer(815301076,1909f56bfc062723c751e8b465ee728b)
Start importing Assets/DenysAlmaral/CityPeopleLite/Meshes/casual_Male_G.fbx using Guid(50c8fe73844fb0a42bdb72b9873224e6) Importer(815301076,1909f56bfc062723c751e8b465ee728b)  -> (artifact id: 'c0d7df2920fff9c27e0c666e1ede0a12') in 0.057397 seconds 
========================================================================
Received Import Request.
  Time since last request: 4.827736 seconds.
  path: Assets/DenysAlmaral/CityPeopleLite/Meshes/casual_Female_G.fbx
  artifactKey: Guid(efa7cf83928a3bd42935d7898c6fe1df) Importer(815301076,1909f56bfc062723c751e8b465ee728b)
Start importing Assets/DenysAlmaral/CityPeopleLite/Meshes/casual_Female_G.fbx using Guid(efa7cf83928a3bd42935d7898c6fe1df) Importer(815301076,1909f56bfc062723c751e8b465ee728b)  -> (artifact id: '11a2e77b864bb91e53a921f6060151ab') in 0.054962 seconds 
========================================================================
Received Import Request.
  Time since last request: 5.447868 seconds.
  path: Assets/DenysAlmaral/CityPeopleLite/Meshes/casual_Female_K.fbx
  artifactKey: Guid(b6dde1c6fee9fe4478fbb2c3a0c333b4) Importer(815301076,1909f56bfc062723c751e8b465ee728b)
Start importing Assets/DenysAlmaral/CityPeopleLite/Meshes/casual_Female_K.fbx using Guid(b6dde1c6fee9fe4478fbb2c3a0c333b4) Importer(815301076,1909f56bfc062723c751e8b465ee728b)  -> (artifact id: 'a2312c69ce92cf489b0a0b01384d2b25') in 0.088862 seconds 
========================================================================
Received Import Request.
  Time since last request: 4.485503 seconds.
  path: Assets/DenysAlmaral/CityPeopleLite/Meshes/casual_Male_G.fbx
  artifactKey: Guid(50c8fe73844fb0a42bdb72b9873224e6) Importer(815301076,1909f56bfc062723c751e8b465ee728b)
Start importing Assets/DenysAlmaral/CityPeopleLite/Meshes/casual_Male_G.fbx using Guid(50c8fe73844fb0a42bdb72b9873224e6) Importer(815301076,1909f56bfc062723c751e8b465ee728b)  -> (artifact id: 'fbaa14d00400bd5535955cc81ae6a13a') in 0.033853 seconds 
========================================================================
Received Import Request.
  Time since last request: 4.659772 seconds.
  path: Assets/DenysAlmaral/CityPeopleLite/Meshes/casual_Male_K.fbx
  artifactKey: Guid(b7c035cdee4609f4689888a8474b63b7) Importer(815301076,1909f56bfc062723c751e8b465ee728b)
Start importing Assets/DenysAlmaral/CityPeopleLite/Meshes/casual_Male_K.fbx using Guid(b7c035cdee4609f4689888a8474b63b7) Importer(815301076,1909f56bfc062723c751e8b465ee728b)  -> (artifact id: '1c6a1c1922ee98cd83564085a8a8925a') in 0.090050 seconds 
========================================================================
Received Import Request.
  Time since last request: 3.632513 seconds.
  path: Assets/DenysAlmaral/CityPeopleLite/Meshes/Doctor_Male_B.fbx
  artifactKey: Guid(87dd643ab949229418ba9400e67cf1c0) Importer(815301076,1909f56bfc062723c751e8b465ee728b)
Start importing Assets/DenysAlmaral/CityPeopleLite/Meshes/Doctor_Male_B.fbx using Guid(87dd643ab949229418ba9400e67cf1c0) Importer(815301076,1909f56bfc062723c751e8b465ee728b)  -> (artifact id: '2e5195f2aca11e5fc5a379f420e52ec0') in 0.054000 seconds 
========================================================================
Received Import Request.
  Time since last request: 5.141100 seconds.
  path: Assets/DenysAlmaral/CityPeopleLite/Meshes/elder_Female_A.fbx
  artifactKey: Guid(e9603e7a3938b4e47abbb7121bcbae61) Importer(815301076,1909f56bfc062723c751e8b465ee728b)
Start importing Assets/DenysAlmaral/CityPeopleLite/Meshes/elder_Female_A.fbx using Guid(e9603e7a3938b4e47abbb7121bcbae61) Importer(815301076,1909f56bfc062723c751e8b465ee728b)  -> (artifact id: 'aff2ebcbc3782e0b5096094c7d861dde') in 0.061141 seconds 
========================================================================
Received Import Request.
  Time since last request: 5.132147 seconds.
  path: Assets/DenysAlmaral/CityPeopleLite/Meshes/little_boy_B.fbx
  artifactKey: Guid(507b06707f64e144ab139fd0cb0e8bcb) Importer(815301076,1909f56bfc062723c751e8b465ee728b)
Start importing Assets/DenysAlmaral/CityPeopleLite/Meshes/little_boy_B.fbx using Guid(507b06707f64e144ab139fd0cb0e8bcb) Importer(815301076,1909f56bfc062723c751e8b465ee728b)  -> (artifact id: 'dcf0a6c013e4c3ff4b4a8b765847ffa3') in 0.055928 seconds 
========================================================================
Received Import Request.
  Time since last request: 4.893532 seconds.
  path: Assets/DenysAlmaral/CityPeopleLite/Meshes/police_Female_A.fbx
  artifactKey: Guid(b6804d93e01b7124294eccd05c06e280) Importer(815301076,1909f56bfc062723c751e8b465ee728b)
Start importing Assets/DenysAlmaral/CityPeopleLite/Meshes/police_Female_A.fbx using Guid(b6804d93e01b7124294eccd05c06e280) Importer(815301076,1909f56bfc062723c751e8b465ee728b)  -> (artifact id: '36c543e0f4b6c899972a49cf41163c6b') in 0.038135 seconds 
========================================================================
Received Import Request.
  Time since last request: 13.541789 seconds.
  path: Assets/Scenes
  artifactKey: Guid(6ea315d0fd7389c41b19996891e99ae3) Importer(815301076,1909f56bfc062723c751e8b465ee728b)
Start importing Assets/Scenes using Guid(6ea315d0fd7389c41b19996891e99ae3) Importer(815301076,1909f56bfc062723c751e8b465ee728b)  -> (artifact id: 'bc172811d573b296104adb4d2728db37') in 0.012560 seconds 
========================================================================
Received Import Request.
  Time since last request: 3.970217 seconds.
  path: Assets/Asset/DenysAlmaral/CityPeopleLite/Materials/mobile
  artifactKey: Guid(f1ae28f63f0ee9d4aabc39172ae021ab) Importer(815301076,1909f56bfc062723c751e8b465ee728b)
Start importing Assets/Asset/DenysAlmaral/CityPeopleLite/Materials/mobile using Guid(f1ae28f63f0ee9d4aabc39172ae021ab) Importer(815301076,1909f56bfc062723c751e8b465ee728b)  -> (artifact id: '5daf87216487c662b255133890fc9c22') in 0.012571 seconds 
========================================================================
Received Import Request.
  Time since last request: 0.072801 seconds.
  path: Assets/Asset/DenysAlmaral/CityPeopleLite/Materials/mobile/m_people_pal.mat
  artifactKey: Guid(1a77ecb7d10f8e344a05c9cf5a49b8b4) Importer(815301076,1909f56bfc062723c751e8b465ee728b)
Start importing Assets/Asset/DenysAlmaral/CityPeopleLite/Materials/mobile/m_people_pal.mat using Guid(1a77ecb7d10f8e344a05c9cf5a49b8b4) Importer(815301076,1909f56bfc062723c751e8b465ee728b)  -> (artifact id: '877fa95bff82588b17a391ad5a14a20f') in 0.049920 seconds 
========================================================================
Received Import Request.
  Time since last request: 84.400788 seconds.
  path: Assets/Asset/DenysAlmaral/Materials
  artifactKey: Guid(15632871092eefb4f915184a3c33e299) Importer(815301076,1909f56bfc062723c751e8b465ee728b)
Start importing Assets/Asset/DenysAlmaral/Materials using Guid(15632871092eefb4f915184a3c33e299) Importer(815301076,1909f56bfc062723c751e8b465ee728b)  -> (artifact id: 'b24f92e96d444e1624378d3865eaa2fc') in 0.003879 seconds 
========================================================================
Received Import Request.
  Time since last request: 4.214643 seconds.
  path: Assets/Asset/DenysAlmaral/Meshes
  artifactKey: Guid(42a9dbe8303e5194ea32619c40d9739b) Importer(815301076,1909f56bfc062723c751e8b465ee728b)
Start importing Assets/Asset/DenysAlmaral/Meshes using Guid(42a9dbe8303e5194ea32619c40d9739b) Importer(815301076,1909f56bfc062723c751e8b465ee728b)  -> (artifact id: '9f6bd870f982912e736084bbfea7920c') in 0.004374 seconds 
========================================================================
Received Import Request.
  Time since last request: 0.031150 seconds.
  path: Assets/Asset/DenysAlmaral/Meshes/casual_Female_G.fbx
  artifactKey: Guid(89d08c2119b483f42a40e63fde990c13) Importer(815301076,1909f56bfc062723c751e8b465ee728b)
Start importing Assets/Asset/DenysAlmaral/Meshes/casual_Female_G.fbx using Guid(89d08c2119b483f42a40e63fde990c13) Importer(815301076,1909f56bfc062723c751e8b465ee728b)  -> (artifact id: '8b256a2127b1819100e2ab7a7feff348') in 0.054132 seconds 
========================================================================
Received Import Request.
  Time since last request: 0.000041 seconds.
  path: Assets/Asset/DenysAlmaral/Meshes/police_Female_A.fbx
  artifactKey: Guid(fb964083b7a9b384d94cf4354675471e) Importer(815301076,1909f56bfc062723c751e8b465ee728b)
Start importing Assets/Asset/DenysAlmaral/Meshes/police_Female_A.fbx using Guid(fb964083b7a9b384d94cf4354675471e) Importer(815301076,1909f56bfc062723c751e8b465ee728b)  -> (artifact id: '708592eeec3c1bd42398e3cb7a08ba27') in 0.045203 seconds 
========================================================================
Received Import Request.
  Time since last request: 0.000063 seconds.
  path: Assets/Asset/DenysAlmaral/Meshes/Doctor_Male_B.fbx
  artifactKey: Guid(a97948ca347dfc542a7cc96113512dd5) Importer(815301076,1909f56bfc062723c751e8b465ee728b)
Start importing Assets/Asset/DenysAlmaral/Meshes/Doctor_Male_B.fbx using Guid(a97948ca347dfc542a7cc96113512dd5) Importer(815301076,1909f56bfc062723c751e8b465ee728b)  -> (artifact id: 'b869c82c082fa8a02601039628868f4f') in 0.071571 seconds 
========================================================================
Received Import Request.
  Time since last request: 0.000043 seconds.
  path: Assets/Asset/DenysAlmaral/Meshes/elder_Female_A.fbx
  artifactKey: Guid(639930f3df30a6544ac0e55bf1ac2016) Importer(815301076,1909f56bfc062723c751e8b465ee728b)
Start importing Assets/Asset/DenysAlmaral/Meshes/elder_Female_A.fbx using Guid(639930f3df30a6544ac0e55bf1ac2016) Importer(815301076,1909f56bfc062723c751e8b465ee728b)  -> (artifact id: 'cba775e09fd0a549211c6ce85b35837a') in 0.097885 seconds 
========================================================================
Received Import Request.
  Time since last request: 0.000091 seconds.
  path: Assets/Asset/DenysAlmaral/Meshes/casual_Male_G.fbx
  artifactKey: Guid(1558fb8b8f71518478885696c01f61d8) Importer(815301076,1909f56bfc062723c751e8b465ee728b)
Start importing Assets/Asset/DenysAlmaral/Meshes/casual_Male_G.fbx using Guid(1558fb8b8f71518478885696c01f61d8) Importer(815301076,1909f56bfc062723c751e8b465ee728b)  -> (artifact id: '4ad9d5513ed3874809ea05a6f4633c0f') in 0.054203 seconds 
========================================================================
Received Import Request.
  Time since last request: 0.000079 seconds.
  path: Assets/Asset/DenysAlmaral/Meshes/little_boy_B.fbx
  artifactKey: Guid(9e0c4b93f7328b24ab51ff68f8ccc984) Importer(815301076,1909f56bfc062723c751e8b465ee728b)
Start importing Assets/Asset/DenysAlmaral/Meshes/little_boy_B.fbx using Guid(9e0c4b93f7328b24ab51ff68f8ccc984) Importer(815301076,1909f56bfc062723c751e8b465ee728b)  -> (artifact id: '474a7b102f8cc943af1ea7022812920e') in 0.076505 seconds 
========================================================================
Received Import Request.
  Time since last request: 0.000048 seconds.
  path: Assets/Asset/DenysAlmaral/Meshes/casual_Male_K.fbx
  artifactKey: Guid(468b0952e12b94d4c98e07cf8a9fdbb5) Importer(815301076,1909f56bfc062723c751e8b465ee728b)
Start importing Assets/Asset/DenysAlmaral/Meshes/casual_Male_K.fbx using Guid(468b0952e12b94d4c98e07cf8a9fdbb5) Importer(815301076,1909f56bfc062723c751e8b465ee728b)  -> (artifact id: 'db594ec0b3ff45b29d688339c6be772c') in 0.072419 seconds 
========================================================================
Received Import Request.
  Time since last request: 22.598439 seconds.
  path: Assets/Asset/People/Meshes/casual_Female_K.fbx
  artifactKey: Guid(a1744cde8232ff14a98c786e21d1807d) Importer(815301076,1909f56bfc062723c751e8b465ee728b)
Start importing Assets/Asset/People/Meshes/casual_Female_K.fbx using Guid(a1744cde8232ff14a98c786e21d1807d) Importer(815301076,1909f56bfc062723c751e8b465ee728b)  -> (artifact id: 'e96e8b2b1237f0f147816494e5e18089') in 0.061767 seconds 
========================================================================
Received Import Request.
  Time since last request: 0.000049 seconds.
  path: Assets/Asset/People/Meshes/Doctor_Male_B.fbx
  artifactKey: Guid(a97948ca347dfc542a7cc96113512dd5) Importer(815301076,1909f56bfc062723c751e8b465ee728b)
Start importing Assets/Asset/People/Meshes/Doctor_Male_B.fbx using Guid(a97948ca347dfc542a7cc96113512dd5) Importer(815301076,1909f56bfc062723c751e8b465ee728b)  -> (artifact id: '12add2b0326a76b53c1958453bac70e3') in 0.084977 seconds 
========================================================================
Received Import Request.
  Time since last request: 0.000065 seconds.
  path: Assets/Asset/People/Meshes/little_boy_B.fbx
  artifactKey: Guid(9e0c4b93f7328b24ab51ff68f8ccc984) Importer(815301076,1909f56bfc062723c751e8b465ee728b)
Start importing Assets/Asset/People/Meshes/little_boy_B.fbx using Guid(9e0c4b93f7328b24ab51ff68f8ccc984) Importer(815301076,1909f56bfc062723c751e8b465ee728b)  -> (artifact id: 'f4d65de72f99dfb8c5d88a9039a1bee0') in 0.081165 seconds 
Editor requested this worker to shutdown with reason: Scaling down because of idle timeout
AssetImportWorker is now disconnected from the server
Process exiting
Exiting without the bug reporter. Application will terminate with return code 0